{"meta": {"format": 3, "version": "7.13.5", "timestamp": "2026-03-28T06:54:46.495229", "branch_coverage": false, "show_contexts": false}, "files": {"drystone/__init__.py": {"executed_lines": [3, 4, 6, 8], "summary": {"covered_lines": 4, "num_statements": 4, "percent_covered": 100.0, "percent_covered_display": "100", "missing_lines": 0, "excluded_lines": 0, "percent_statements_covered": 100.0, "percent_statements_covered_display": "100"}, "missing_lines": [], "excluded_lines": [], "functions": {"": {"executed_lines": [3, 4, 6, 8], "summary": {"covered_lines": 4, "num_statements": 4, "percent_covered": 100.0, "percent_covered_display": "100", "missing_lines": 0, "excluded_lines": 0, "percent_statements_covered": 100.0, "percent_statements_covered_display": "100"}, "missing_lines": [], "excluded_lines": [], "start_line": 1}}, "classes": {"": {"executed_lines": [3, 4, 6, 8], "summary": {"covered_lines": 4, "num_statements": 4, "percent_covered": 100.0, "percent_covered_display": "100", "missing_lines": 0, "excluded_lines": 0, "percent_statements_covered": 100.0, "percent_statements_covered_display": "100"}, "missing_lines": [], "excluded_lines": [], "start_line": 1}}}, "drystone/__main__.py": {"executed_lines": [], "summary": {"covered_lines": 0, "num_statements": 3, "percent_covered": 0.0, "percent_covered_display": "0", "missing_lines": 3, "excluded_lines": 0, "percent_statements_covered": 0.0, "percent_statements_covered_display": "0"}, "missing_lines": [3, 5, 6], "excluded_lines": [], "functions": {"": {"executed_lines": [], "summary": {"covered_lines": 0, "num_statements": 3, "percent_covered": 0.0, "percent_covered_display": "0", "missing_lines": 3, "excluded_lines": 0, "percent_statements_covered": 0.0, "percent_statements_covered_display": "0"}, "missing_lines": [3, 5, 6], "excluded_lines": [], "start_line": 1}}, "classes": {"": {"executed_lines": [], "summary": {"covered_lines": 0, "num_statements": 3, "percent_covered": 0.0, "percent_covered_display": "0", "missing_lines": 3, "excluded_lines": 0, "percent_statements_covered": 0.0, "percent_statements_covered_display": "0"}, "missing_lines": [3, 5, 6], "excluded_lines": [], "start_line": 1}}}, "drystone/agent/__init__.py": {"executed_lines": [3, 5], "summary": {"covered_lines": 2, "num_statements": 2, "percent_covered": 100.0, "percent_covered_display": "100", "missing_lines": 0, "excluded_lines": 0, "percent_statements_covered": 100.0, "percent_statements_covered_display": "100"}, "missing_lines": [], "excluded_lines": [], "functions": {"": {"executed_lines": [3, 5], "summary": {"covered_lines": 2, "num_statements": 2, "percent_covered": 100.0, "percent_covered_display": "100", "missing_lines": 0, "excluded_lines": 0, "percent_statements_covered": 100.0, "percent_statements_covered_display": "100"}, "missing_lines": [], "excluded_lines": [], "start_line": 1}}, "classes": {"": {"executed_lines": [3, 5], "summary": {"covered_lines": 2, "num_statements": 2, "percent_covered": 100.0, "percent_covered_display": "100", "missing_lines": 0, "excluded_lines": 0, "percent_statements_covered": 100.0, "percent_statements_covered_display": "100"}, "missing_lines": [], "excluded_lines": [], "start_line": 1}}}, "drystone/agent/budget.py": {"executed_lines": [3, 4, 5, 8, 9, 10, 11, 12, 15, 16, 17, 18, 19, 20, 21, 26, 33, 34, 36, 37, 39, 41, 42, 43, 44, 46, 47, 53, 54, 55, 57, 58, 59, 60, 61, 64, 65, 68], "summary": {"covered_lines": 38, "num_statements": 40, "percent_covered": 95.0, "percent_covered_display": "95", "missing_lines": 2, "excluded_lines": 0, "percent_statements_covered": 95.0, "percent_statements_covered_display": "95"}, "missing_lines": [22, 23], "excluded_lines": [], "functions": {"_load_overrides": {"executed_lines": [16, 17, 18, 19, 20, 21], "summary": {"covered_lines": 6, "num_statements": 8, "percent_covered": 75.0, "percent_covered_display": "75", "missing_lines": 2, "excluded_lines": 0, "percent_statements_covered": 75.0, "percent_statements_covered_display": "75"}, "missing_lines": [22, 23], "excluded_lines": [], "start_line": 15}, "get_budget_policy": {"executed_lines": [33, 34, 36, 37, 39, 41, 42, 43, 44, 46, 47, 53, 54, 55, 57, 58, 59, 60, 61, 64, 65, 68], "summary": {"covered_lines": 22, "num_statements": 22, "percent_covered": 100.0, "percent_covered_display": "100", "missing_lines": 0, "excluded_lines": 0, "percent_statements_covered": 100.0, "percent_statements_covered_display": "100"}, "missing_lines": [], "excluded_lines": [], "start_line": 26}, "": {"executed_lines": [3, 4, 5, 8, 9, 10, 11, 12, 15, 26], "summary": {"covered_lines": 10, "num_statements": 10, "percent_covered": 100.0, "percent_covered_display": "100", "missing_lines": 0, "excluded_lines": 0, "percent_statements_covered": 100.0, "percent_statements_covered_display": "100"}, "missing_lines": [], "excluded_lines": [], "start_line": 1}}, "classes": {"BudgetPolicy": {"executed_lines": [], "summary": {"covered_lines": 0, "num_statements": 0, "percent_covered": 100.0, "percent_covered_display": "100", "missing_lines": 0, "excluded_lines": 0, "percent_statements_covered": 100.0, "percent_statements_covered_display": "100"}, "missing_lines": [], "excluded_lines": [], "start_line": 9}, "": {"executed_lines": [3, 4, 5, 8, 9, 10, 11, 12, 15, 16, 17, 18, 19, 20, 21, 26, 33, 34, 36, 37, 39, 41, 42, 43, 44, 46, 47, 53, 54, 55, 57, 58, 59, 60, 61, 64, 65, 68], "summary": {"covered_lines": 38, "num_statements": 40, "percent_covered": 95.0, "percent_covered_display": "95", "missing_lines": 2, "excluded_lines": 0, "percent_statements_covered": 95.0, "percent_statements_covered_display": "95"}, "missing_lines": [22, 23], "excluded_lines": [], "start_line": 1}}}, "drystone/agent/cache.py": {"executed_lines": [3, 4, 5, 6, 8, 11, 14, 15, 16, 18, 28, 45, 46, 48, 49, 51, 52, 53, 55, 56, 57, 58, 62, 63, 64, 65, 66], "summary": {"covered_lines": 27, "num_statements": 32, "percent_covered": 84.375, "percent_covered_display": "84", "missing_lines": 5, "excluded_lines": 0, "percent_statements_covered": 84.375, "percent_statements_covered_display": "84"}, "missing_lines": [54, 59, 60, 67, 68], "excluded_lines": [], "functions": {"FindingsCache.__init__": {"executed_lines": [15, 16], "summary": {"covered_lines": 2, "num_statements": 2, "percent_covered": 100.0, "percent_covered_display": "100", "missing_lines": 0, "excluded_lines": 0, "percent_statements_covered": 100.0, "percent_statements_covered_display": "100"}, "missing_lines": [], "excluded_lines": [], "start_line": 14}, "FindingsCache.build_key": {"executed_lines": [28, 45, 46], "summary": {"covered_lines": 3, "num_statements": 3, "percent_covered": 100.0, "percent_covered_display": "100", "missing_lines": 0, "excluded_lines": 0, "percent_statements_covered": 100.0, "percent_statements_covered_display": "100"}, "missing_lines": [], "excluded_lines": [], "start_line": 18}, "FindingsCache._path_for": {"executed_lines": [49], "summary": {"covered_lines": 1, "num_statements": 1, "percent_covered": 100.0, "percent_covered_display": "100", "missing_lines": 0, "excluded_lines": 0, "percent_statements_covered": 100.0, "percent_statements_covered_display": "100"}, "missing_lines": [], "excluded_lines": [], "start_line": 48}, "FindingsCache.get": {"executed_lines": [52, 53, 55, 56, 57, 58], "summary": {"covered_lines": 6, "num_statements": 9, "percent_covered": 66.66666666666667, "percent_covered_display": "67", "missing_lines": 3, "excluded_lines": 0, "percent_statements_covered": 66.66666666666667, "percent_statements_covered_display": "67"}, "missing_lines": [54, 59, 60], "excluded_lines": [], "start_line": 51}, "FindingsCache.set": {"executed_lines": [63, 64, 65, 66], "summary": {"covered_lines": 4, "num_statements": 6, "percent_covered": 66.66666666666667, "percent_covered_display": "67", "missing_lines": 2, "excluded_lines": 0, "percent_statements_covered": 66.66666666666667, "percent_statements_covered_display": "67"}, "missing_lines": [67, 68], "excluded_lines": [], "start_line": 62}, "": {"executed_lines": [3, 4, 5, 6, 8, 11, 14, 18, 48, 51, 62], "summary": {"covered_lines": 11, "num_statements": 11, "percent_covered": 100.0, "percent_covered_display": "100", "missing_lines": 0, "excluded_lines": 0, "percent_statements_covered": 100.0, "percent_statements_covered_display": "100"}, "missing_lines": [], "excluded_lines": [], "start_line": 1}}, "classes": {"FindingsCache": {"executed_lines": [15, 16, 28, 45, 46, 49, 52, 53, 55, 56, 57, 58, 63, 64, 65, 66], "summary": {"covered_lines": 16, "num_statements": 21, "percent_covered": 76.19047619047619, "percent_covered_display": "76", "missing_lines": 5, "excluded_lines": 0, "percent_statements_covered": 76.19047619047619, "percent_statements_covered_display": "76"}, "missing_lines": [54, 59, 60, 67, 68], "excluded_lines": [], "start_line": 11}, "": {"executed_lines": [3, 4, 5, 6, 8, 11, 14, 18, 48, 51, 62], "summary": {"covered_lines": 11, "num_statements": 11, "percent_covered": 100.0, "percent_covered_display": "100", "missing_lines": 0, "excluded_lines": 0, "percent_statements_covered": 100.0, "percent_statements_covered_display": "100"}, "missing_lines": [], "excluded_lines": [], "start_line": 1}}}, "drystone/agent/chunker.py": {"executed_lines": [3, 4, 5, 6, 8, 11, 12, 15, 16, 17, 18, 21, 26, 34, 39, 40, 42, 44, 45, 50, 61, 72, 73, 77, 80, 86, 89, 90, 91, 92, 94, 95, 96, 102, 105, 106, 107, 108, 109, 110, 112, 119, 137, 138, 139, 140, 141, 142, 143, 144, 145, 149, 150, 151, 152, 162, 165, 171, 173, 174, 176, 177, 178, 180, 191, 196, 207, 208, 209, 210, 212, 213, 214, 215, 216, 217, 218, 220, 228, 234, 235, 238, 241, 242, 244, 254, 255, 256, 257, 259, 261, 262, 263, 264, 265, 268, 269, 271, 273, 276, 277, 278, 279, 282, 283, 285], "summary": {"covered_lines": 106, "num_statements": 109, "percent_covered": 97.24770642201835, "percent_covered_display": "97", "missing_lines": 3, "excluded_lines": 0, "percent_statements_covered": 97.24770642201835, "percent_statements_covered_display": "97"}, "missing_lines": [74, 75, 226], "excluded_lines": [], "functions": {"EvidenceChunker.__init__": {"executed_lines": [39, 40], "summary": {"covered_lines": 2, "num_statements": 2, "percent_covered": 100.0, "percent_covered_display": "100", "missing_lines": 0, "excluded_lines": 0, "percent_statements_covered": 100.0, "percent_statements_covered_display": "100"}, "missing_lines": [], "excluded_lines": [], "start_line": 34}, "EvidenceChunker.should_chunk": {"executed_lines": [44, 45], "summary": {"covered_lines": 2, "num_statements": 2, "percent_covered": 100.0, "percent_covered_display": "100", "missing_lines": 0, "excluded_lines": 0, "percent_statements_covered": 100.0, "percent_statements_covered_display": "100"}, "missing_lines": [], "excluded_lines": [], "start_line": 42}, "EvidenceChunker.chunk_evidence": {"executed_lines": [72, 73], "summary": {"covered_lines": 2, "num_statements": 4, "percent_covered": 50.0, "percent_covered_display": "50", "missing_lines": 2, "excluded_lines": 0, "percent_statements_covered": 50.0, "percent_statements_covered_display": "50"}, "missing_lines": [74, 75], "excluded_lines": [], "start_line": 61}, "EvidenceChunker._chunk_by_file_grouped": {"executed_lines": [80, 86, 89, 90, 91, 92, 94, 95, 96, 102, 105, 106, 107, 108, 109, 110, 112], "summary": {"covered_lines": 17, "num_statements": 17, "percent_covered": 100.0, "percent_covered_display": "100", "missing_lines": 0, "excluded_lines": 0, "percent_statements_covered": 100.0, "percent_statements_covered_display": "100"}, "missing_lines": [], "excluded_lines": [], "start_line": 77}, "EvidenceChunker._chunk_large_file": {"executed_lines": [137, 138, 139, 140, 141, 142, 143, 144, 145, 149, 150, 151, 152, 162, 165, 171, 173, 174, 176, 177, 178, 180], "summary": {"covered_lines": 22, "num_statements": 22, "percent_covered": 100.0, "percent_covered_display": "100", "missing_lines": 0, "excluded_lines": 0, "percent_statements_covered": 100.0, "percent_statements_covered_display": "100"}, "missing_lines": [], "excluded_lines": [], "start_line": 119}, "EvidenceChunker._pick_dominant_list_key": {"executed_lines": [196, 207, 208, 209, 210, 212, 213, 214, 215, 216, 217, 218], "summary": {"covered_lines": 12, "num_statements": 12, "percent_covered": 100.0, "percent_covered_display": "100", "missing_lines": 0, "excluded_lines": 0, "percent_statements_covered": 100.0, "percent_statements_covered_display": "100"}, "missing_lines": [], "excluded_lines": [], "start_line": 191}, "EvidenceChunker._chunk_by_resource": {"executed_lines": [], "summary": {"covered_lines": 0, "num_statements": 1, "percent_covered": 0.0, "percent_covered_display": "0", "missing_lines": 1, "excluded_lines": 0, "percent_statements_covered": 0.0, "percent_statements_covered_display": "0"}, "missing_lines": [226], "excluded_lines": [], "start_line": 220}, "EvidenceChunker._estimate_tokens": {"executed_lines": [234, 235], "summary": {"covered_lines": 2, "num_statements": 2, "percent_covered": 100.0, "percent_covered_display": "100", "missing_lines": 0, "excluded_lines": 0, "percent_statements_covered": 100.0, "percent_statements_covered_display": "100"}, "missing_lines": [], "excluded_lines": [], "start_line": 228}, "FindingsAggregator.__init__": {"executed_lines": [242], "summary": {"covered_lines": 1, "num_statements": 1, "percent_covered": 100.0, "percent_covered_display": "100", "missing_lines": 0, "excluded_lines": 0, "percent_statements_covered": 100.0, "percent_statements_covered_display": "100"}, "missing_lines": [], "excluded_lines": [], "start_line": 241}, "FindingsAggregator._quality_score": {"executed_lines": [254, 255, 256, 257], "summary": {"covered_lines": 4, "num_statements": 4, "percent_covered": 100.0, "percent_covered_display": "100", "missing_lines": 0, "excluded_lines": 0, "percent_statements_covered": 100.0, "percent_statements_covered_display": "100"}, "missing_lines": [], "excluded_lines": [], "start_line": 244}, "FindingsAggregator.add_findings": {"executed_lines": [261, 262, 263, 264, 265, 268, 269], "summary": {"covered_lines": 7, "num_statements": 7, "percent_covered": 100.0, "percent_covered_display": "100", "missing_lines": 0, "excluded_lines": 0, "percent_statements_covered": 100.0, "percent_statements_covered_display": "100"}, "missing_lines": [], "excluded_lines": [], "start_line": 259}, "FindingsAggregator.aggregate": {"executed_lines": [273, 276, 277, 278, 279, 282, 283, 285], "summary": {"covered_lines": 8, "num_statements": 8, "percent_covered": 100.0, "percent_covered_display": "100", "missing_lines": 0, "excluded_lines": 0, "percent_statements_covered": 100.0, "percent_statements_covered_display": "100"}, "missing_lines": [], "excluded_lines": [], "start_line": 271}, "": {"executed_lines": [3, 4, 5, 6, 8, 11, 12, 15, 16, 17, 18, 21, 26, 34, 42, 50, 61, 77, 119, 191, 220, 228, 238, 241, 244, 259, 271], "summary": {"covered_lines": 27, "num_statements": 27, "percent_covered": 100.0, "percent_covered_display": "100", "missing_lines": 0, "excluded_lines": 0, "percent_statements_covered": 100.0, "percent_statements_covered_display": "100"}, "missing_lines": [], "excluded_lines": [], "start_line": 1}}, "classes": {"EvidenceChunk": {"executed_lines": [], "summary": {"covered_lines": 0, "num_statements": 0, "percent_covered": 100.0, "percent_covered_display": "100", "missing_lines": 0, "excluded_lines": 0, "percent_statements_covered": 100.0, "percent_statements_covered_display": "100"}, "missing_lines": [], "excluded_lines": [], "start_line": 12}, "EvidenceChunker": {"executed_lines": [39, 40, 44, 45, 72, 73, 80, 86, 89, 90, 91, 92, 94, 95, 96, 102, 105, 106, 107, 108, 109, 110, 112, 137, 138, 139, 140, 141, 142, 143, 144, 145, 149, 150, 151, 152, 162, 165, 171, 173, 174, 176, 177, 178, 180, 196, 207, 208, 209, 210, 212, 213, 214, 215, 216, 217, 218, 234, 235], "summary": {"covered_lines": 59, "num_statements": 62, "percent_covered": 95.16129032258064, "percent_covered_display": "95", "missing_lines": 3, "excluded_lines": 0, "percent_statements_covered": 95.16129032258064, "percent_statements_covered_display": "95"}, "missing_lines": [74, 75, 226], "excluded_lines": [], "start_line": 21}, "FindingsAggregator": {"executed_lines": [242, 254, 255, 256, 257, 261, 262, 263, 264, 265, 268, 269, 273, 276, 277, 278, 279, 282, 283, 285], "summary": {"covered_lines": 20, "num_statements": 20, "percent_covered": 100.0, "percent_covered_display": "100", "missing_lines": 0, "excluded_lines": 0, "percent_statements_covered": 100.0, "percent_statements_covered_display": "100"}, "missing_lines": [], "excluded_lines": [], "start_line": 238}, "": {"executed_lines": [3, 4, 5, 6, 8, 11, 12, 15, 16, 17, 18, 21, 26, 34, 42, 50, 61, 77, 119, 191, 220, 228, 238, 241, 244, 259, 271], "summary": {"covered_lines": 27, "num_statements": 27, "percent_covered": 100.0, "percent_covered_display": "100", "missing_lines": 0, "excluded_lines": 0, "percent_statements_covered": 100.0, "percent_statements_covered_display": "100"}, "missing_lines": [], "excluded_lines": [], "start_line": 1}}}, "drystone/agent/client.py": {"executed_lines": [3, 4, 5, 6, 7, 8, 9, 11, 13, 14, 15, 16, 17, 18, 19, 20, 21, 23, 26, 29, 32, 51, 69, 70, 71, 72, 73, 74, 75, 76, 77, 78, 81, 82, 88, 90, 92, 94, 96, 97, 98, 113, 115, 116, 122, 145, 153, 162, 163, 164, 169, 327, 333, 535, 565, 579, 580, 582, 591, 602, 609, 693, 721, 870, 892, 1073, 1204, 1273, 1336, 1399], "summary": {"covered_lines": 70, "num_statements": 446, "percent_covered": 15.695067264573991, "percent_covered_display": "16", "missing_lines": 376, "excluded_lines": 0, "percent_statements_covered": 15.695067264573991, "percent_statements_covered_display": "16"}, "missing_lines": [83, 100, 102, 103, 105, 106, 107, 108, 109, 110, 111, 117, 118, 119, 120, 131, 133, 134, 140, 141, 143, 155, 156, 157, 158, 160, 167, 201, 202, 203, 204, 207, 208, 210, 217, 219, 220, 223, 224, 225, 226, 228, 229, 231, 232, 233, 238, 239, 242, 243, 244, 248, 261, 262, 269, 270, 272, 273, 278, 279, 284, 285, 288, 289, 290, 291, 292, 295, 298, 302, 303, 306, 307, 315, 320, 321, 325, 329, 330, 331, 353, 359, 367, 368, 369, 370, 371, 372, 373, 374, 375, 377, 378, 381, 383, 384, 385, 388, 389, 391, 392, 393, 394, 399, 400, 401, 402, 403, 404, 405, 406, 407, 408, 410, 411, 412, 413, 414, 415, 416, 417, 418, 419, 422, 423, 437, 438, 445, 446, 447, 448, 449, 452, 453, 454, 457, 458, 459, 461, 462, 469, 470, 471, 472, 473, 477, 478, 479, 480, 485, 486, 487, 488, 490, 491, 492, 493, 494, 495, 498, 499, 500, 502, 503, 504, 505, 506, 507, 510, 511, 512, 516, 517, 520, 523, 524, 525, 528, 529, 531, 533, 555, 556, 558, 560, 563, 592, 597, 604, 605, 606, 607, 630, 631, 633, 636, 637, 642, 655, 657, 666, 667, 672, 677, 679, 680, 683, 684, 687, 688, 689, 690, 691, 705, 706, 707, 708, 714, 716, 717, 718, 719, 727, 879, 890, 908, 911, 918, 919, 920, 924, 925, 928, 931, 932, 934, 1071, 1094, 1096, 1097, 1099, 1103, 1104, 1107, 1108, 1112, 1113, 1114, 1117, 1118, 1121, 1128, 1131, 1132, 1133, 1134, 1135, 1136, 1137, 1147, 1148, 1149, 1155, 1161, 1179, 1180, 1182, 1185, 1186, 1187, 1188, 1191, 1192, 1194, 1195, 1197, 1198, 1202, 1216, 1219, 1220, 1221, 1222, 1224, 1225, 1226, 1227, 1233, 1235, 1236, 1237, 1238, 1239, 1240, 1241, 1242, 1245, 1247, 1248, 1249, 1250, 1251, 1253, 1254, 1255, 1256, 1257, 1259, 1260, 1261, 1262, 1263, 1265, 1266, 1267, 1268, 1269, 1271, 1291, 1294, 1295, 1296, 1297, 1299, 1302, 1303, 1304, 1307, 1308, 1309, 1310, 1311, 1312, 1318, 1319, 1320, 1321, 1322, 1323, 1324, 1325, 1326, 1327, 1333, 1334, 1352, 1395, 1396, 1397, 1412, 1413, 1416, 1417, 1419, 1424, 1425, 1428, 1431, 1432, 1433, 1434, 1435, 1436, 1437, 1438, 1439, 1440, 1441, 1442, 1443, 1444, 1445, 1446, 1447, 1448, 1450], "excluded_lines": [], "functions": {"AgentClient.__init__": {"executed_lines": [69, 70, 71, 72, 73, 74, 75, 76, 77, 78, 81, 82, 88], "summary": {"covered_lines": 13, "num_statements": 14, "percent_covered": 92.85714285714286, "percent_covered_display": "93", "missing_lines": 1, "excluded_lines": 0, "percent_statements_covered": 92.85714285714286, "percent_statements_covered_display": "93"}, "missing_lines": [83], "excluded_lines": [], "start_line": 51}, "AgentClient._setup_claude": {"executed_lines": [92, 94, 96, 97, 98], "summary": {"covered_lines": 5, "num_statements": 15, "percent_covered": 33.333333333333336, "percent_covered_display": "33", "missing_lines": 10, "excluded_lines": 0, "percent_statements_covered": 33.333333333333336, "percent_statements_covered_display": "33"}, "missing_lines": [100, 102, 103, 105, 106, 107, 108, 109, 110, 111], "excluded_lines": [], "start_line": 90}, "AgentClient._sanitize_api_key": {"executed_lines": [115, 116], "summary": {"covered_lines": 2, "num_statements": 6, "percent_covered": 33.333333333333336, "percent_covered_display": "33", "missing_lines": 4, "excluded_lines": 0, "percent_statements_covered": 33.333333333333336, "percent_statements_covered_display": "33"}, "missing_lines": [117, 118, 119, 120], "excluded_lines": [], "start_line": 113}, "AgentClient._get_claude_cli_path": {"executed_lines": [], "summary": {"covered_lines": 0, "num_statements": 6, "percent_covered": 0.0, "percent_covered_display": "0", "missing_lines": 6, "excluded_lines": 0, "percent_statements_covered": 0.0, "percent_statements_covered_display": "0"}, "missing_lines": [131, 133, 134, 140, 141, 143], "excluded_lines": [], "start_line": 122}, "AgentClient.get_display_name": {"executed_lines": [153, 162, 163, 164], "summary": {"covered_lines": 4, "num_statements": 10, "percent_covered": 40.0, "percent_covered_display": "40", "missing_lines": 6, "excluded_lines": 0, "percent_statements_covered": 40.0, "percent_statements_covered_display": "40"}, "missing_lines": [155, 156, 157, 158, 160, 167], "excluded_lines": [], "start_line": 145}, "AgentClient.analyze_evidence": {"executed_lines": [], "summary": {"covered_lines": 0, "num_statements": 50, "percent_covered": 0.0, "percent_covered_display": "0", "missing_lines": 50, "excluded_lines": 0, "percent_statements_covered": 0.0, "percent_statements_covered_display": "0"}, "missing_lines": [201, 202, 203, 204, 207, 208, 210, 217, 219, 220, 223, 224, 225, 226, 228, 229, 231, 232, 233, 238, 239, 242, 243, 244, 248, 261, 262, 269, 270, 272, 273, 278, 279, 284, 285, 288, 289, 290, 291, 292, 295, 298, 302, 303, 306, 307, 315, 320, 321, 325], "excluded_lines": [], "start_line": 169}, "AgentClient._estimate_tokens_text": {"executed_lines": [], "summary": {"covered_lines": 0, "num_statements": 3, "percent_covered": 0.0, "percent_covered_display": "0", "missing_lines": 3, "excluded_lines": 0, "percent_statements_covered": 0.0, "percent_statements_covered_display": "0"}, "missing_lines": [329, 330, 331], "excluded_lines": [], "start_line": 327}, "AgentClient.analyze_evidence_chunked": {"executed_lines": [], "summary": {"covered_lines": 0, "num_statements": 100, "percent_covered": 0.0, "percent_covered_display": "0", "missing_lines": 100, "excluded_lines": 0, "percent_statements_covered": 0.0, "percent_statements_covered_display": "0"}, "missing_lines": [353, 359, 367, 368, 369, 370, 371, 372, 373, 374, 375, 377, 378, 381, 383, 384, 385, 388, 389, 391, 392, 393, 394, 399, 400, 401, 402, 403, 404, 405, 406, 407, 408, 410, 411, 412, 413, 414, 415, 416, 417, 418, 419, 422, 437, 438, 445, 446, 447, 448, 449, 452, 453, 454, 457, 458, 459, 461, 462, 469, 470, 471, 472, 473, 477, 478, 479, 480, 485, 486, 487, 488, 490, 491, 492, 493, 494, 495, 498, 499, 500, 502, 503, 504, 505, 506, 507, 510, 511, 512, 516, 517, 520, 523, 524, 525, 528, 529, 531, 533], "excluded_lines": [], "start_line": 333}, "AgentClient.analyze_evidence_chunked._analyze_chunk": {"executed_lines": [], "summary": {"covered_lines": 0, "num_statements": 1, "percent_covered": 0.0, "percent_covered_display": "0", "missing_lines": 1, "excluded_lines": 0, "percent_statements_covered": 0.0, "percent_statements_covered_display": "0"}, "missing_lines": [423], "excluded_lines": [], "start_line": 422}, "AgentClient._call_claude_cli": {"executed_lines": [], "summary": {"covered_lines": 0, "num_statements": 5, "percent_covered": 0.0, "percent_covered_display": "0", "missing_lines": 5, "excluded_lines": 0, "percent_statements_covered": 0.0, "percent_statements_covered_display": "0"}, "missing_lines": [555, 556, 558, 560, 563], "excluded_lines": [], "start_line": 535}, "AgentClient._call_claude_cli_direct": {"executed_lines": [579, 580, 582, 591, 602], "summary": {"covered_lines": 5, "num_statements": 11, "percent_covered": 45.45454545454545, "percent_covered_display": "45", "missing_lines": 6, "excluded_lines": 0, "percent_statements_covered": 45.45454545454545, "percent_statements_covered_display": "45"}, "missing_lines": [592, 597, 604, 605, 606, 607], "excluded_lines": [], "start_line": 565}, "AgentClient._call_claude_cli_with_file": {"executed_lines": [], "summary": {"covered_lines": 0, "num_statements": 21, "percent_covered": 0.0, "percent_covered_display": "0", "missing_lines": 21, "excluded_lines": 0, "percent_statements_covered": 0.0, "percent_statements_covered_display": "0"}, "missing_lines": [630, 631, 633, 636, 637, 642, 655, 657, 666, 667, 672, 677, 679, 680, 683, 684, 687, 688, 689, 690, 691], "excluded_lines": [], "start_line": 609}, "AgentClient._call_claude_api": {"executed_lines": [], "summary": {"covered_lines": 0, "num_statements": 9, "percent_covered": 0.0, "percent_covered_display": "0", "missing_lines": 9, "excluded_lines": 0, "percent_statements_covered": 0.0, "percent_statements_covered_display": "0"}, "missing_lines": [705, 706, 707, 708, 714, 716, 717, 718, 719], "excluded_lines": [], "start_line": 693}, "AgentClient._get_system_prompt": {"executed_lines": [], "summary": {"covered_lines": 0, "num_statements": 1, "percent_covered": 0.0, "percent_covered_display": "0", "missing_lines": 1, "excluded_lines": 0, "percent_statements_covered": 0.0, "percent_statements_covered_display": "0"}, "missing_lines": [727], "excluded_lines": [], "start_line": 721}, "AgentClient._get_skill_code": {"executed_lines": [], "summary": {"covered_lines": 0, "num_statements": 2, "percent_covered": 0.0, "percent_covered_display": "0", "missing_lines": 2, "excluded_lines": 0, "percent_statements_covered": 0.0, "percent_statements_covered_display": "0"}, "missing_lines": [879, 890], "excluded_lines": [], "start_line": 870}, "AgentClient._build_analysis_prompt": {"executed_lines": [], "summary": {"covered_lines": 0, "num_statements": 12, "percent_covered": 0.0, "percent_covered_display": "0", "missing_lines": 12, "excluded_lines": 0, "percent_statements_covered": 0.0, "percent_statements_covered_display": "0"}, "missing_lines": [908, 911, 918, 919, 920, 924, 925, 928, 931, 932, 934, 1071], "excluded_lines": [], "start_line": 892}, "AgentClient._build_analysis_prompt_from_template": {"executed_lines": [], "summary": {"covered_lines": 0, "num_statements": 41, "percent_covered": 0.0, "percent_covered_display": "0", "missing_lines": 41, "excluded_lines": 0, "percent_statements_covered": 0.0, "percent_statements_covered_display": "0"}, "missing_lines": [1094, 1096, 1097, 1099, 1103, 1104, 1107, 1108, 1112, 1113, 1114, 1117, 1118, 1121, 1128, 1131, 1132, 1133, 1134, 1135, 1136, 1137, 1147, 1148, 1149, 1155, 1161, 1179, 1180, 1182, 1185, 1186, 1187, 1188, 1191, 1192, 1194, 1195, 1197, 1198, 1202], "excluded_lines": [], "start_line": 1073}, "AgentClient._generate_severity_guide": {"executed_lines": [], "summary": {"covered_lines": 0, "num_statements": 40, "percent_covered": 0.0, "percent_covered_display": "0", "missing_lines": 40, "excluded_lines": 0, "percent_statements_covered": 0.0, "percent_statements_covered_display": "0"}, "missing_lines": [1216, 1219, 1220, 1221, 1222, 1224, 1225, 1226, 1227, 1233, 1235, 1236, 1237, 1238, 1239, 1240, 1241, 1242, 1245, 1247, 1248, 1249, 1250, 1251, 1253, 1254, 1255, 1256, 1257, 1259, 1260, 1261, 1262, 1263, 1265, 1266, 1267, 1268, 1269, 1271], "excluded_lines": [], "start_line": 1204}, "AgentClient._parse_json_response": {"executed_lines": [], "summary": {"covered_lines": 0, "num_statements": 27, "percent_covered": 0.0, "percent_covered_display": "0", "missing_lines": 27, "excluded_lines": 0, "percent_statements_covered": 0.0, "percent_statements_covered_display": "0"}, "missing_lines": [1291, 1294, 1295, 1296, 1297, 1299, 1302, 1303, 1304, 1307, 1308, 1309, 1310, 1311, 1312, 1318, 1319, 1320, 1321, 1322, 1323, 1324, 1325, 1326, 1327, 1333, 1334], "excluded_lines": [], "start_line": 1273}, "AgentClient._repair_response_to_json": {"executed_lines": [], "summary": {"covered_lines": 0, "num_statements": 4, "percent_covered": 0.0, "percent_covered_display": "0", "missing_lines": 4, "excluded_lines": 0, "percent_statements_covered": 0.0, "percent_statements_covered_display": "0"}, "missing_lines": [1352, 1395, 1396, 1397], "excluded_lines": [], "start_line": 1336}, "AgentClient._extract_json_from_text": {"executed_lines": [], "summary": {"covered_lines": 0, "num_statements": 27, "percent_covered": 0.0, "percent_covered_display": "0", "missing_lines": 27, "excluded_lines": 0, "percent_statements_covered": 0.0, "percent_statements_covered_display": "0"}, "missing_lines": [1412, 1413, 1416, 1417, 1419, 1424, 1425, 1428, 1431, 1432, 1433, 1434, 1435, 1436, 1437, 1438, 1439, 1440, 1441, 1442, 1443, 1444, 1445, 1446, 1447, 1448, 1450], "excluded_lines": [], "start_line": 1399}, "": {"executed_lines": [3, 4, 5, 6, 7, 8, 9, 11, 13, 14, 15, 16, 17, 18, 19, 20, 21, 23, 26, 29, 32, 51, 90, 113, 122, 145, 169, 327, 333, 535, 565, 609, 693, 721, 870, 892, 1073, 1204, 1273, 1336, 1399], "summary": {"covered_lines": 41, "num_statements": 41, "percent_covered": 100.0, "percent_covered_display": "100", "missing_lines": 0, "excluded_lines": 0, "percent_statements_covered": 100.0, "percent_statements_covered_display": "100"}, "missing_lines": [], "excluded_lines": [], "start_line": 1}}, "classes": {"AgentError": {"executed_lines": [], "summary": {"covered_lines": 0, "num_statements": 0, "percent_covered": 100.0, "percent_covered_display": "100", "missing_lines": 0, "excluded_lines": 0, "percent_statements_covered": 100.0, "percent_statements_covered_display": "100"}, "missing_lines": [], "excluded_lines": [], "start_line": 26}, "AgentClient": {"executed_lines": [69, 70, 71, 72, 73, 74, 75, 76, 77, 78, 81, 82, 88, 92, 94, 96, 97, 98, 115, 116, 153, 162, 163, 164, 579, 580, 582, 591, 602], "summary": {"covered_lines": 29, "num_statements": 405, "percent_covered": 7.160493827160494, "percent_covered_display": "7", "missing_lines": 376, "excluded_lines": 0, "percent_statements_covered": 7.160493827160494, "percent_statements_covered_display": "7"}, "missing_lines": [83, 100, 102, 103, 105, 106, 107, 108, 109, 110, 111, 117, 118, 119, 120, 131, 133, 134, 140, 141, 143, 155, 156, 157, 158, 160, 167, 201, 202, 203, 204, 207, 208, 210, 217, 219, 220, 223, 224, 225, 226, 228, 229, 231, 232, 233, 238, 239, 242, 243, 244, 248, 261, 262, 269, 270, 272, 273, 278, 279, 284, 285, 288, 289, 290, 291, 292, 295, 298, 302, 303, 306, 307, 315, 320, 321, 325, 329, 330, 331, 353, 359, 367, 368, 369, 370, 371, 372, 373, 374, 375, 377, 378, 381, 383, 384, 385, 388, 389, 391, 392, 393, 394, 399, 400, 401, 402, 403, 404, 405, 406, 407, 408, 410, 411, 412, 413, 414, 415, 416, 417, 418, 419, 422, 423, 437, 438, 445, 446, 447, 448, 449, 452, 453, 454, 457, 458, 459, 461, 462, 469, 470, 471, 472, 473, 477, 478, 479, 480, 485, 486, 487, 488, 490, 491, 492, 493, 494, 495, 498, 499, 500, 502, 503, 504, 505, 506, 507, 510, 511, 512, 516, 517, 520, 523, 524, 525, 528, 529, 531, 533, 555, 556, 558, 560, 563, 592, 597, 604, 605, 606, 607, 630, 631, 633, 636, 637, 642, 655, 657, 666, 667, 672, 677, 679, 680, 683, 684, 687, 688, 689, 690, 691, 705, 706, 707, 708, 714, 716, 717, 718, 719, 727, 879, 890, 908, 911, 918, 919, 920, 924, 925, 928, 931, 932, 934, 1071, 1094, 1096, 1097, 1099, 1103, 1104, 1107, 1108, 1112, 1113, 1114, 1117, 1118, 1121, 1128, 1131, 1132, 1133, 1134, 1135, 1136, 1137, 1147, 1148, 1149, 1155, 1161, 1179, 1180, 1182, 1185, 1186, 1187, 1188, 1191, 1192, 1194, 1195, 1197, 1198, 1202, 1216, 1219, 1220, 1221, 1222, 1224, 1225, 1226, 1227, 1233, 1235, 1236, 1237, 1238, 1239, 1240, 1241, 1242, 1245, 1247, 1248, 1249, 1250, 1251, 1253, 1254, 1255, 1256, 1257, 1259, 1260, 1261, 1262, 1263, 1265, 1266, 1267, 1268, 1269, 1271, 1291, 1294, 1295, 1296, 1297, 1299, 1302, 1303, 1304, 1307, 1308, 1309, 1310, 1311, 1312, 1318, 1319, 1320, 1321, 1322, 1323, 1324, 1325, 1326, 1327, 1333, 1334, 1352, 1395, 1396, 1397, 1412, 1413, 1416, 1417, 1419, 1424, 1425, 1428, 1431, 1432, 1433, 1434, 1435, 1436, 1437, 1438, 1439, 1440, 1441, 1442, 1443, 1444, 1445, 1446, 1447, 1448, 1450], "excluded_lines": [], "start_line": 32}, "": {"executed_lines": [3, 4, 5, 6, 7, 8, 9, 11, 13, 14, 15, 16, 17, 18, 19, 20, 21, 23, 26, 29, 32, 51, 90, 113, 122, 145, 169, 327, 333, 535, 565, 609, 693, 721, 870, 892, 1073, 1204, 1273, 1336, 1399], "summary": {"covered_lines": 41, "num_statements": 41, "percent_covered": 100.0, "percent_covered_display": "100", "missing_lines": 0, "excluded_lines": 0, "percent_statements_covered": 100.0, "percent_statements_covered_display": "100"}, "missing_lines": [], "excluded_lines": [], "start_line": 1}}}, "drystone/agent/optimizer.py": {"executed_lines": [3, 4, 5, 8, 15, 18, 19, 20, 24, 25, 28, 29, 30, 31, 35, 39, 40, 42, 43, 45, 46, 47, 56, 57, 58, 59, 61, 62, 63, 64, 70, 71, 72, 74, 75, 76, 78], "summary": {"covered_lines": 37, "num_statements": 48, "percent_covered": 77.08333333333333, "percent_covered_display": "77", "missing_lines": 11, "excluded_lines": 0, "percent_statements_covered": 77.08333333333333, "percent_statements_covered_display": "77"}, "missing_lines": [16, 21, 22, 26, 32, 33, 36, 37, 44, 67, 68], "excluded_lines": [], "functions": {"optimize_budgets_from_metrics": {"executed_lines": [15, 18, 19, 20, 24, 25, 28, 29, 30, 31, 35, 39, 40, 42, 43, 45, 46, 47, 56, 57, 58, 59, 61, 62, 63, 64, 70, 71, 72, 74, 75, 76, 78], "summary": {"covered_lines": 33, "num_statements": 44, "percent_covered": 75.0, "percent_covered_display": "75", "missing_lines": 11, "excluded_lines": 0, "percent_statements_covered": 75.0, "percent_statements_covered_display": "75"}, "missing_lines": [16, 21, 22, 26, 32, 33, 36, 37, 44, 67, 68], "excluded_lines": [], "start_line": 8}, "": {"executed_lines": [3, 4, 5, 8], "summary": {"covered_lines": 4, "num_statements": 4, "percent_covered": 100.0, "percent_covered_display": "100", "missing_lines": 0, "excluded_lines": 0, "percent_statements_covered": 100.0, "percent_statements_covered_display": "100"}, "missing_lines": [], "excluded_lines": [], "start_line": 1}}, "classes": {"": {"executed_lines": [3, 4, 5, 8, 15, 18, 19, 20, 24, 25, 28, 29, 30, 31, 35, 39, 40, 42, 43, 45, 46, 47, 56, 57, 58, 59, 61, 62, 63, 64, 70, 71, 72, 74, 75, 76, 78], "summary": {"covered_lines": 37, "num_statements": 48, "percent_covered": 77.08333333333333, "percent_covered_display": "77", "missing_lines": 11, "excluded_lines": 0, "percent_statements_covered": 77.08333333333333, "percent_statements_covered_display": "77"}, "missing_lines": [16, 21, 22, 26, 32, 33, 36, 37, 44, 67, 68], "excluded_lines": [], "start_line": 1}}}, "drystone/agent/retry.py": {"executed_lines": [13, 14, 15, 16, 18, 19, 21, 23, 26, 73, 107, 120, 123, 124, 125, 126, 129, 130, 131, 132, 135, 136, 139, 154, 157, 158, 159, 160, 163, 164, 165, 167, 168, 171, 191, 192, 193, 194, 195, 197, 200, 212, 213, 215, 217, 218, 219, 222, 223, 226, 229, 230, 235, 240, 242, 246], "summary": {"covered_lines": 56, "num_statements": 84, "percent_covered": 66.66666666666667, "percent_covered_display": "67", "missing_lines": 28, "excluded_lines": 0, "percent_statements_covered": 66.66666666666667, "percent_statements_covered_display": "67"}, "missing_lines": [201, 202, 203, 207, 209, 238, 264, 266, 267, 268, 271, 272, 273, 276, 278, 280, 281, 283, 284, 285, 286, 288, 289, 290, 292, 293, 298, 300], "excluded_lines": [], "functions": {"is_retryable_error": {"executed_lines": [120, 123, 124, 125, 126, 129, 130, 131, 132, 135, 136], "summary": {"covered_lines": 11, "num_statements": 11, "percent_covered": 100.0, "percent_covered_display": "100", "missing_lines": 0, "excluded_lines": 0, "percent_statements_covered": 100.0, "percent_statements_covered_display": "100"}, "missing_lines": [], "excluded_lines": [], "start_line": 107}, "get_retry_delay": {"executed_lines": [154, 157, 158, 159, 160, 163, 164, 165, 167, 168], "summary": {"covered_lines": 10, "num_statements": 10, "percent_covered": 100.0, "percent_covered_display": "100", "missing_lines": 0, "excluded_lines": 0, "percent_statements_covered": 100.0, "percent_statements_covered_display": "100"}, "missing_lines": [], "excluded_lines": [], "start_line": 139}, "retry_with_backoff": {"executed_lines": [191, 192, 242], "summary": {"covered_lines": 3, "num_statements": 3, "percent_covered": 100.0, "percent_covered_display": "100", "missing_lines": 0, "excluded_lines": 0, "percent_statements_covered": 100.0, "percent_statements_covered_display": "100"}, "missing_lines": [], "excluded_lines": [], "start_line": 171}, "retry_with_backoff.decorator": {"executed_lines": [193, 240], "summary": {"covered_lines": 2, "num_statements": 2, "percent_covered": 100.0, "percent_covered_display": "100", "missing_lines": 0, "excluded_lines": 0, "percent_statements_covered": 100.0, "percent_statements_covered_display": "100"}, "missing_lines": [], "excluded_lines": [], "start_line": 191}, "retry_with_backoff.decorator.wrapper": {"executed_lines": [194, 195, 197, 200, 212, 213, 215, 217, 218, 219, 222, 223, 226, 229, 230, 235], "summary": {"covered_lines": 16, "num_statements": 22, "percent_covered": 72.72727272727273, "percent_covered_display": "73", "missing_lines": 6, "excluded_lines": 0, "percent_statements_covered": 72.72727272727273, "percent_statements_covered_display": "73"}, "missing_lines": [201, 202, 203, 207, 209, 238], "excluded_lines": [], "start_line": 193}, "analyze_with_retry": {"executed_lines": [], "summary": {"covered_lines": 0, "num_statements": 22, "percent_covered": 0.0, "percent_covered_display": "0", "missing_lines": 22, "excluded_lines": 0, "percent_statements_covered": 0.0, "percent_statements_covered_display": "0"}, "missing_lines": [264, 266, 267, 268, 271, 272, 273, 276, 278, 280, 281, 283, 284, 285, 286, 288, 289, 290, 292, 293, 298, 300], "excluded_lines": [], "start_line": 246}, "": {"executed_lines": [13, 14, 15, 16, 18, 19, 21, 23, 26, 73, 107, 139, 171, 246], "summary": {"covered_lines": 14, "num_statements": 14, "percent_covered": 100.0, "percent_covered_display": "100", "missing_lines": 0, "excluded_lines": 0, "percent_statements_covered": 100.0, "percent_statements_covered_display": "100"}, "missing_lines": [], "excluded_lines": [], "start_line": 1}}, "classes": {"": {"executed_lines": [13, 14, 15, 16, 18, 19, 21, 23, 26, 73, 107, 120, 123, 124, 125, 126, 129, 130, 131, 132, 135, 136, 139, 154, 157, 158, 159, 160, 163, 164, 165, 167, 168, 171, 191, 192, 193, 194, 195, 197, 200, 212, 213, 215, 217, 218, 219, 222, 223, 226, 229, 230, 235, 240, 242, 246], "summary": {"covered_lines": 56, "num_statements": 84, "percent_covered": 66.66666666666667, "percent_covered_display": "67", "missing_lines": 28, "excluded_lines": 0, "percent_statements_covered": 66.66666666666667, "percent_statements_covered_display": "67"}, "missing_lines": [201, 202, 203, 207, 209, 238, 264, 266, 267, 268, 271, 272, 273, 276, 278, 280, 281, 283, 284, 285, 286, 288, 289, 290, 292, 293, 298, 300], "excluded_lines": [], "start_line": 1}}}, "drystone/analysis/distiller.py": {"executed_lines": [3, 5, 44, 45, 48, 49, 50, 52, 53, 54, 55, 58, 59, 60, 61, 62, 63, 66, 69, 79, 80, 81, 83, 84, 85, 86, 87, 89, 90, 91, 92, 93, 101, 103, 104, 105, 106, 107, 117, 118, 119, 120, 124, 128], "summary": {"covered_lines": 44, "num_statements": 52, "percent_covered": 84.61538461538461, "percent_covered_display": "85", "missing_lines": 8, "excluded_lines": 0, "percent_statements_covered": 84.61538461538461, "percent_statements_covered_display": "85"}, "missing_lines": [51, 65, 100, 108, 109, 110, 111, 122], "excluded_lines": [], "functions": {"_normalize_file_key": {"executed_lines": [45], "summary": {"covered_lines": 1, "num_statements": 1, "percent_covered": 100.0, "percent_covered_display": "100", "missing_lines": 0, "excluded_lines": 0, "percent_statements_covered": 100.0, "percent_statements_covered_display": "100"}, "missing_lines": [], "excluded_lines": [], "start_line": 44}, "_prune_dict_fields": {"executed_lines": [49, 50, 52, 53, 54, 55], "summary": {"covered_lines": 6, "num_statements": 7, "percent_covered": 85.71428571428571, "percent_covered_display": "86", "missing_lines": 1, "excluded_lines": 0, "percent_statements_covered": 85.71428571428571, "percent_statements_covered_display": "86"}, "missing_lines": [51], "excluded_lines": [], "start_line": 48}, "_prune_list_items": {"executed_lines": [59, 60, 61, 62, 63, 66], "summary": {"covered_lines": 6, "num_statements": 7, "percent_covered": 85.71428571428571, "percent_covered_display": "86", "missing_lines": 1, "excluded_lines": 0, "percent_statements_covered": 85.71428571428571, "percent_statements_covered_display": "86"}, "missing_lines": [65], "excluded_lines": [], "start_line": 58}, "distill_evidence": {"executed_lines": [79, 80, 81, 83, 84, 85, 86, 87, 89, 90, 91, 92, 93, 101, 103, 104, 105, 106, 107, 117, 118, 119, 120, 124, 128], "summary": {"covered_lines": 25, "num_statements": 31, "percent_covered": 80.64516129032258, "percent_covered_display": "81", "missing_lines": 6, "excluded_lines": 0, "percent_statements_covered": 80.64516129032258, "percent_statements_covered_display": "81"}, "missing_lines": [100, 108, 109, 110, 111, 122], "excluded_lines": [], "start_line": 69}, "": {"executed_lines": [3, 5, 44, 48, 58, 69], "summary": {"covered_lines": 6, "num_statements": 6, "percent_covered": 100.0, "percent_covered_display": "100", "missing_lines": 0, "excluded_lines": 0, "percent_statements_covered": 100.0, "percent_statements_covered_display": "100"}, "missing_lines": [], "excluded_lines": [], "start_line": 1}}, "classes": {"": {"executed_lines": [3, 5, 44, 45, 48, 49, 50, 52, 53, 54, 55, 58, 59, 60, 61, 62, 63, 66, 69, 79, 80, 81, 83, 84, 85, 86, 87, 89, 90, 91, 92, 93, 101, 103, 104, 105, 106, 107, 117, 118, 119, 120, 124, 128], "summary": {"covered_lines": 44, "num_statements": 52, "percent_covered": 84.61538461538461, "percent_covered_display": "85", "missing_lines": 8, "excluded_lines": 0, "percent_statements_covered": 84.61538461538461, "percent_statements_covered_display": "85"}, "missing_lines": [51, 65, 100, 108, 109, 110, 111, 122], "excluded_lines": [], "start_line": 1}}}, "drystone/analysis/prioritizer.py": {"executed_lines": [3, 5, 18, 23, 24, 26, 27, 29, 30, 31, 33], "summary": {"covered_lines": 11, "num_statements": 13, "percent_covered": 84.61538461538461, "percent_covered_display": "85", "missing_lines": 2, "excluded_lines": 0, "percent_statements_covered": 84.61538461538461, "percent_statements_covered_display": "85"}, "missing_lines": [28, 32], "excluded_lines": [], "functions": {"score_chunk": {"executed_lines": [23, 24, 26, 27, 29, 30, 31, 33], "summary": {"covered_lines": 8, "num_statements": 10, "percent_covered": 80.0, "percent_covered_display": "80", "missing_lines": 2, "excluded_lines": 0, "percent_statements_covered": 80.0, "percent_statements_covered_display": "80"}, "missing_lines": [28, 32], "excluded_lines": [], "start_line": 18}, "": {"executed_lines": [3, 5, 18], "summary": {"covered_lines": 3, "num_statements": 3, "percent_covered": 100.0, "percent_covered_display": "100", "missing_lines": 0, "excluded_lines": 0, "percent_statements_covered": 100.0, "percent_statements_covered_display": "100"}, "missing_lines": [], "excluded_lines": [], "start_line": 1}}, "classes": {"": {"executed_lines": [3, 5, 18, 23, 24, 26, 27, 29, 30, 31, 33], "summary": {"covered_lines": 11, "num_statements": 13, "percent_covered": 84.61538461538461, "percent_covered_display": "85", "missing_lines": 2, "excluded_lines": 0, "percent_statements_covered": 84.61538461538461, "percent_statements_covered_display": "85"}, "missing_lines": [28, 32], "excluded_lines": [], "start_line": 1}}}, "drystone/analysis/router.py": {"executed_lines": [3, 6, 16, 17, 20, 21, 22, 23, 25, 26, 27, 28, 30, 31, 32, 37], "summary": {"covered_lines": 16, "num_statements": 18, "percent_covered": 88.88888888888889, "percent_covered_display": "89", "missing_lines": 2, "excluded_lines": 0, "percent_statements_covered": 88.88888888888889, "percent_statements_covered_display": "89"}, "missing_lines": [18, 24], "excluded_lines": [], "functions": {"route_checklist_for_llm": {"executed_lines": [16, 17, 20, 21, 22, 23, 25, 26, 27, 28, 30, 31, 32, 37], "summary": {"covered_lines": 14, "num_statements": 16, "percent_covered": 87.5, "percent_covered_display": "88", "missing_lines": 2, "excluded_lines": 0, "percent_statements_covered": 87.5, "percent_statements_covered_display": "88"}, "missing_lines": [18, 24], "excluded_lines": [], "start_line": 6}, "": {"executed_lines": [3, 6], "summary": {"covered_lines": 2, "num_statements": 2, "percent_covered": 100.0, "percent_covered_display": "100", "missing_lines": 0, "excluded_lines": 0, "percent_statements_covered": 100.0, "percent_statements_covered_display": "100"}, "missing_lines": [], "excluded_lines": [], "start_line": 1}}, "classes": {"": {"executed_lines": [3, 6, 16, 17, 20, 21, 22, 23, 25, 26, 27, 28, 30, 31, 32, 37], "summary": {"covered_lines": 16, "num_statements": 18, "percent_covered": 88.88888888888889, "percent_covered_display": "89", "missing_lines": 2, "excluded_lines": 0, "percent_statements_covered": 88.88888888888889, "percent_statements_covered_display": "89"}, "missing_lines": [18, 24], "excluded_lines": [], "start_line": 1}}}, "drystone/cli/__init__.py": {"executed_lines": [3], "summary": {"covered_lines": 1, "num_statements": 1, "percent_covered": 100.0, "percent_covered_display": "100", "missing_lines": 0, "excluded_lines": 0, "percent_statements_covered": 100.0, "percent_statements_covered_display": "100"}, "missing_lines": [], "excluded_lines": [], "functions": {"": {"executed_lines": [3], "summary": {"covered_lines": 1, "num_statements": 1, "percent_covered": 100.0, "percent_covered_display": "100", "missing_lines": 0, "excluded_lines": 0, "percent_statements_covered": 100.0, "percent_statements_covered_display": "100"}, "missing_lines": [], "excluded_lines": [], "start_line": 1}}, "classes": {"": {"executed_lines": [3], "summary": {"covered_lines": 1, "num_statements": 1, "percent_covered": 100.0, "percent_covered_display": "100", "missing_lines": 0, "excluded_lines": 0, "percent_statements_covered": 100.0, "percent_statements_covered_display": "100"}, "missing_lines": [], "excluded_lines": [], "start_line": 1}}}, "drystone/cli/config.py": {"executed_lines": [3, 4, 5, 7, 9, 10, 13, 15, 18, 27, 29, 30, 32, 35, 41, 42, 44, 45, 46, 47, 48, 49, 50, 53], "summary": {"covered_lines": 24, "num_statements": 29, "percent_covered": 82.75862068965517, "percent_covered_display": "83", "missing_lines": 5, "excluded_lines": 0, "percent_statements_covered": 82.75862068965517, "percent_statements_covered_display": "83"}, "missing_lines": [59, 61, 62, 64, 69], "excluded_lines": [], "functions": {"ensure_config_dir": {"executed_lines": [15], "summary": {"covered_lines": 1, "num_statements": 1, "percent_covered": 100.0, "percent_covered_display": "100", "missing_lines": 0, "excluded_lines": 0, "percent_statements_covered": 100.0, "percent_statements_covered_display": "100"}, "missing_lines": [], "excluded_lines": [], "start_line": 13}, "save_config": {"executed_lines": [27, 29, 30, 32], "summary": {"covered_lines": 4, "num_statements": 4, "percent_covered": 100.0, "percent_covered_display": "100", "missing_lines": 0, "excluded_lines": 0, "percent_statements_covered": 100.0, "percent_statements_covered_display": "100"}, "missing_lines": [], "excluded_lines": [], "start_line": 18}, "load_last_config": {"executed_lines": [41, 42, 44, 45, 46, 47, 48, 49, 50], "summary": {"covered_lines": 9, "num_statements": 9, "percent_covered": 100.0, "percent_covered_display": "100", "missing_lines": 0, "excluded_lines": 0, "percent_statements_covered": 100.0, "percent_statements_covered_display": "100"}, "missing_lines": [], "excluded_lines": [], "start_line": 35}, "use_last_config": {"executed_lines": [], "summary": {"covered_lines": 0, "num_statements": 5, "percent_covered": 0.0, "percent_covered_display": "0", "missing_lines": 5, "excluded_lines": 0, "percent_statements_covered": 0.0, "percent_statements_covered_display": "0"}, "missing_lines": [59, 61, 62, 64, 69], "excluded_lines": [], "start_line": 53}, "": {"executed_lines": [3, 4, 5, 7, 9, 10, 13, 18, 35, 53], "summary": {"covered_lines": 10, "num_statements": 10, "percent_covered": 100.0, "percent_covered_display": "100", "missing_lines": 0, "excluded_lines": 0, "percent_statements_covered": 100.0, "percent_statements_covered_display": "100"}, "missing_lines": [], "excluded_lines": [], "start_line": 1}}, "classes": {"": {"executed_lines": [3, 4, 5, 7, 9, 10, 13, 15, 18, 27, 29, 30, 32, 35, 41, 42, 44, 45, 46, 47, 48, 49, 50, 53], "summary": {"covered_lines": 24, "num_statements": 29, "percent_covered": 82.75862068965517, "percent_covered_display": "83", "missing_lines": 5, "excluded_lines": 0, "percent_statements_covered": 82.75862068965517, "percent_statements_covered_display": "83"}, "missing_lines": [59, 61, 62, 64, 69], "excluded_lines": [], "start_line": 1}}}, "drystone/cli/main.py": {"executed_lines": [3, 4, 5, 6, 7, 9, 11, 12, 13, 14, 15, 16, 19, 20, 21, 23, 26, 27, 32, 36, 40, 64, 70, 76, 81, 86, 91, 104, 105, 106, 109, 112, 122, 124, 125, 127, 128, 129, 130, 131, 132, 133, 134, 135, 136, 137, 139, 140, 141, 143, 144, 145, 148, 149, 151, 152, 153, 154, 155, 156, 157, 159, 160, 162, 163, 164, 165, 166, 167, 168, 169, 170, 174, 175, 176, 177, 178, 182, 183, 184, 185, 186, 187, 188, 192, 193, 202, 203, 204, 214, 215, 216, 222, 223, 224, 226, 227, 604, 605, 607, 610, 611, 612, 614, 627, 628, 629, 630, 631, 633, 634, 635, 637, 640, 641, 647, 649, 651, 652, 653, 655, 657, 658, 659, 661, 662, 663, 666, 678], "summary": {"covered_lines": 129, "num_statements": 376, "percent_covered": 34.308510638297875, "percent_covered_display": "34", "missing_lines": 247, "excluded_lines": 0, "percent_statements_covered": 34.308510638297875, "percent_statements_covered_display": "34"}, "missing_lines": [189, 194, 195, 196, 198, 199, 205, 206, 207, 209, 210, 219, 220, 221, 230, 231, 232, 235, 236, 237, 240, 242, 243, 245, 246, 248, 249, 250, 252, 255, 257, 258, 259, 261, 262, 263, 264, 265, 268, 289, 306, 307, 308, 309, 310, 311, 312, 313, 314, 315, 317, 318, 320, 321, 322, 323, 326, 327, 328, 331, 332, 334, 335, 336, 337, 338, 340, 341, 342, 344, 346, 347, 348, 349, 352, 354, 357, 359, 366, 367, 370, 371, 372, 373, 374, 375, 376, 377, 378, 379, 380, 383, 384, 388, 390, 391, 392, 393, 395, 397, 398, 399, 400, 402, 403, 405, 408, 409, 410, 411, 412, 413, 414, 415, 416, 417, 418, 420, 422, 423, 426, 427, 428, 429, 432, 435, 436, 437, 438, 441, 442, 443, 446, 447, 452, 453, 454, 460, 461, 463, 464, 465, 466, 467, 469, 470, 471, 472, 473, 474, 475, 476, 479, 480, 481, 482, 483, 486, 487, 488, 490, 491, 492, 493, 494, 495, 496, 499, 500, 502, 503, 505, 506, 507, 508, 511, 512, 515, 516, 517, 518, 521, 522, 525, 526, 530, 531, 532, 533, 536, 537, 540, 541, 542, 543, 545, 546, 547, 549, 550, 551, 553, 554, 555, 558, 559, 561, 562, 563, 564, 565, 566, 569, 570, 571, 573, 574, 575, 577, 578, 579, 580, 581, 582, 584, 585, 586, 587, 588, 589, 590, 591, 595, 596, 597, 598, 600, 601, 668, 669, 670, 671, 672, 673, 674, 675, 679], "excluded_lines": [], "functions": {"cli": {"executed_lines": [23], "summary": {"covered_lines": 1, "num_statements": 1, "percent_covered": 100.0, "percent_covered_display": "100", "missing_lines": 0, "excluded_lines": 0, "percent_statements_covered": 100.0, "percent_statements_covered_display": "100"}, "missing_lines": [], "excluded_lines": [], "start_line": 21}, "audit": {"executed_lines": [104, 105, 106, 109, 112, 122, 124, 125, 127, 128, 129, 130, 131, 132, 133, 134, 135, 136, 137, 139, 140, 141, 143, 144, 145, 148, 149, 151, 152, 153, 154, 155, 156, 157, 159, 160, 162, 163, 164, 165, 166, 167, 168, 169, 170, 174, 175, 176, 177, 178, 182, 183, 184, 185, 186, 187, 188, 192, 193, 202, 203, 204, 214, 215, 216, 222, 223, 224, 226, 227], "summary": {"covered_lines": 70, "num_statements": 295, "percent_covered": 23.728813559322035, "percent_covered_display": "24", "missing_lines": 225, "excluded_lines": 0, "percent_statements_covered": 23.728813559322035, "percent_statements_covered_display": "24"}, "missing_lines": [189, 194, 195, 196, 198, 199, 205, 206, 207, 209, 210, 219, 220, 221, 230, 231, 232, 235, 236, 237, 240, 242, 243, 245, 246, 248, 252, 255, 257, 258, 259, 261, 262, 263, 264, 265, 268, 289, 306, 307, 308, 309, 310, 311, 312, 313, 314, 315, 317, 318, 320, 321, 322, 323, 326, 327, 328, 331, 332, 334, 335, 336, 337, 338, 340, 341, 342, 344, 346, 347, 348, 349, 352, 354, 357, 359, 366, 367, 370, 371, 372, 373, 374, 375, 376, 377, 378, 379, 380, 383, 384, 388, 390, 391, 392, 393, 395, 397, 398, 399, 400, 402, 403, 405, 420, 422, 423, 426, 427, 428, 429, 432, 435, 436, 437, 438, 441, 442, 443, 446, 447, 452, 453, 454, 460, 461, 463, 464, 465, 466, 467, 469, 470, 471, 472, 473, 474, 475, 476, 479, 480, 481, 482, 483, 486, 487, 488, 490, 491, 492, 493, 494, 495, 496, 499, 500, 502, 503, 505, 506, 507, 508, 511, 512, 515, 516, 517, 518, 521, 522, 525, 526, 530, 531, 532, 533, 536, 537, 540, 541, 542, 543, 545, 546, 547, 549, 550, 551, 553, 554, 555, 558, 559, 561, 562, 563, 564, 565, 566, 569, 570, 571, 573, 574, 575, 577, 578, 579, 580, 581, 582, 584, 585, 586, 587, 588, 589, 590, 591, 595, 596, 597, 598, 600, 601], "excluded_lines": [], "start_line": 91}, "audit._print_progress": {"executed_lines": [], "summary": {"covered_lines": 0, "num_statements": 2, "percent_covered": 0.0, "percent_covered_display": "0", "missing_lines": 2, "excluded_lines": 0, "percent_statements_covered": 0.0, "percent_statements_covered_display": "0"}, "missing_lines": [249, 250], "excluded_lines": [], "start_line": 248}, "audit._on_chunk_progress": {"executed_lines": [], "summary": {"covered_lines": 0, "num_statements": 11, "percent_covered": 0.0, "percent_covered_display": "0", "missing_lines": 11, "excluded_lines": 0, "percent_statements_covered": 0.0, "percent_statements_covered_display": "0"}, "missing_lines": [408, 409, 410, 411, 412, 413, 414, 415, 416, 417, 418], "excluded_lines": [], "start_line": 405}, "version": {"executed_lines": [607], "summary": {"covered_lines": 1, "num_statements": 1, "percent_covered": 100.0, "percent_covered_display": "100", "missing_lines": 0, "excluded_lines": 0, "percent_statements_covered": 100.0, "percent_statements_covered_display": "100"}, "missing_lines": [], "excluded_lines": [], "start_line": 605}, "skill": {"executed_lines": [614, 627, 628, 629, 630, 631, 633, 634, 635, 637], "summary": {"covered_lines": 10, "num_statements": 10, "percent_covered": 100.0, "percent_covered_display": "100", "missing_lines": 0, "excluded_lines": 0, "percent_statements_covered": 100.0, "percent_statements_covered_display": "100"}, "missing_lines": [], "excluded_lines": [], "start_line": 612}, "logs": {"executed_lines": [649, 651, 652, 653, 655, 657, 658, 659, 661, 662, 663], "summary": {"covered_lines": 11, "num_statements": 11, "percent_covered": 100.0, "percent_covered_display": "100", "missing_lines": 0, "excluded_lines": 0, "percent_statements_covered": 100.0, "percent_statements_covered_display": "100"}, "missing_lines": [], "excluded_lines": [], "start_line": 647}, "main": {"executed_lines": [], "summary": {"covered_lines": 0, "num_statements": 8, "percent_covered": 0.0, "percent_covered_display": "0", "missing_lines": 8, "excluded_lines": 0, "percent_statements_covered": 0.0, "percent_statements_covered_display": "0"}, "missing_lines": [668, 669, 670, 671, 672, 673, 674, 675], "excluded_lines": [], "start_line": 666}, "": {"executed_lines": [3, 4, 5, 6, 7, 9, 11, 12, 13, 14, 15, 16, 19, 20, 21, 26, 27, 32, 36, 40, 64, 70, 76, 81, 86, 91, 604, 605, 610, 611, 612, 640, 641, 647, 666, 678], "summary": {"covered_lines": 36, "num_statements": 37, "percent_covered": 97.29729729729729, "percent_covered_display": "97", "missing_lines": 1, "excluded_lines": 0, "percent_statements_covered": 97.29729729729729, "percent_statements_covered_display": "97"}, "missing_lines": [679], "excluded_lines": [], "start_line": 1}}, "classes": {"": {"executed_lines": [3, 4, 5, 6, 7, 9, 11, 12, 13, 14, 15, 16, 19, 20, 21, 23, 26, 27, 32, 36, 40, 64, 70, 76, 81, 86, 91, 104, 105, 106, 109, 112, 122, 124, 125, 127, 128, 129, 130, 131, 132, 133, 134, 135, 136, 137, 139, 140, 141, 143, 144, 145, 148, 149, 151, 152, 153, 154, 155, 156, 157, 159, 160, 162, 163, 164, 165, 166, 167, 168, 169, 170, 174, 175, 176, 177, 178, 182, 183, 184, 185, 186, 187, 188, 192, 193, 202, 203, 204, 214, 215, 216, 222, 223, 224, 226, 227, 604, 605, 607, 610, 611, 612, 614, 627, 628, 629, 630, 631, 633, 634, 635, 637, 640, 641, 647, 649, 651, 652, 653, 655, 657, 658, 659, 661, 662, 663, 666, 678], "summary": {"covered_lines": 129, "num_statements": 376, "percent_covered": 34.308510638297875, "percent_covered_display": "34", "missing_lines": 247, "excluded_lines": 0, "percent_statements_covered": 34.308510638297875, "percent_statements_covered_display": "34"}, "missing_lines": [189, 194, 195, 196, 198, 199, 205, 206, 207, 209, 210, 219, 220, 221, 230, 231, 232, 235, 236, 237, 240, 242, 243, 245, 246, 248, 249, 250, 252, 255, 257, 258, 259, 261, 262, 263, 264, 265, 268, 289, 306, 307, 308, 309, 310, 311, 312, 313, 314, 315, 317, 318, 320, 321, 322, 323, 326, 327, 328, 331, 332, 334, 335, 336, 337, 338, 340, 341, 342, 344, 346, 347, 348, 349, 352, 354, 357, 359, 366, 367, 370, 371, 372, 373, 374, 375, 376, 377, 378, 379, 380, 383, 384, 388, 390, 391, 392, 393, 395, 397, 398, 399, 400, 402, 403, 405, 408, 409, 410, 411, 412, 413, 414, 415, 416, 417, 418, 420, 422, 423, 426, 427, 428, 429, 432, 435, 436, 437, 438, 441, 442, 443, 446, 447, 452, 453, 454, 460, 461, 463, 464, 465, 466, 467, 469, 470, 471, 472, 473, 474, 475, 476, 479, 480, 481, 482, 483, 486, 487, 488, 490, 491, 492, 493, 494, 495, 496, 499, 500, 502, 503, 505, 506, 507, 508, 511, 512, 515, 516, 517, 518, 521, 522, 525, 526, 530, 531, 532, 533, 536, 537, 540, 541, 542, 543, 545, 546, 547, 549, 550, 551, 553, 554, 555, 558, 559, 561, 562, 563, 564, 565, 566, 569, 570, 571, 573, 574, 575, 577, 578, 579, 580, 581, 582, 584, 585, 586, 587, 588, 589, 590, 591, 595, 596, 597, 598, 600, 601, 668, 669, 670, 671, 672, 673, 674, 675, 679], "excluded_lines": [], "start_line": 1}}}, "drystone/cli/ui/__init__.py": {"executed_lines": [3, 4, 6], "summary": {"covered_lines": 3, "num_statements": 3, "percent_covered": 100.0, "percent_covered_display": "100", "missing_lines": 0, "excluded_lines": 0, "percent_statements_covered": 100.0, "percent_statements_covered_display": "100"}, "missing_lines": [], "excluded_lines": [], "functions": {"": {"executed_lines": [3, 4, 6], "summary": {"covered_lines": 3, "num_statements": 3, "percent_covered": 100.0, "percent_covered_display": "100", "missing_lines": 0, "excluded_lines": 0, "percent_statements_covered": 100.0, "percent_statements_covered_display": "100"}, "missing_lines": [], "excluded_lines": [], "start_line": 1}}, "classes": {"": {"executed_lines": [3, 4, 6], "summary": {"covered_lines": 3, "num_statements": 3, "percent_covered": 100.0, "percent_covered_display": "100", "missing_lines": 0, "excluded_lines": 0, "percent_statements_covered": 100.0, "percent_statements_covered_display": "100"}, "missing_lines": [], "excluded_lines": [], "start_line": 1}}}, "drystone/cli/ui/branding.py": {"executed_lines": [3, 4, 5, 6, 8, 11, 28, 83], "summary": {"covered_lines": 8, "num_statements": 59, "percent_covered": 13.559322033898304, "percent_covered_display": "14", "missing_lines": 51, "excluded_lines": 0, "percent_statements_covered": 13.559322033898304, "percent_statements_covered_display": "14"}, "missing_lines": [22, 23, 24, 25, 30, 33, 34, 37, 40, 49, 50, 52, 53, 55, 56, 57, 58, 59, 60, 61, 64, 77, 79, 80, 89, 91, 94, 95, 96, 99, 102, 104, 105, 106, 107, 108, 109, 111, 112, 113, 115, 116, 119, 121, 122, 123, 126, 127, 129, 130, 131], "excluded_lines": [], "functions": {"_interpolate_color": {"executed_lines": [], "summary": {"covered_lines": 0, "num_statements": 4, "percent_covered": 0.0, "percent_covered_display": "0", "missing_lines": 4, "excluded_lines": 0, "percent_statements_covered": 0.0, "percent_statements_covered_display": "0"}, "missing_lines": [22, 23, 24, 25], "excluded_lines": [], "start_line": 11}, "print_banner": {"executed_lines": [], "summary": {"covered_lines": 0, "num_statements": 20, "percent_covered": 0.0, "percent_covered_display": "0", "missing_lines": 20, "excluded_lines": 0, "percent_statements_covered": 0.0, "percent_statements_covered_display": "0"}, "missing_lines": [30, 33, 34, 37, 40, 49, 50, 52, 53, 55, 56, 57, 58, 59, 60, 61, 64, 77, 79, 80], "excluded_lines": [], "start_line": 28}, "print_summary": {"executed_lines": [], "summary": {"covered_lines": 0, "num_statements": 27, "percent_covered": 0.0, "percent_covered_display": "0", "missing_lines": 27, "excluded_lines": 0, "percent_statements_covered": 0.0, "percent_statements_covered_display": "0"}, "missing_lines": [89, 91, 94, 95, 96, 99, 102, 104, 105, 106, 107, 108, 109, 111, 112, 113, 115, 116, 119, 121, 122, 123, 126, 127, 129, 130, 131], "excluded_lines": [], "start_line": 83}, "": {"executed_lines": [3, 4, 5, 6, 8, 11, 28, 83], "summary": {"covered_lines": 8, "num_statements": 8, "percent_covered": 100.0, "percent_covered_display": "100", "missing_lines": 0, "excluded_lines": 0, "percent_statements_covered": 100.0, "percent_statements_covered_display": "100"}, "missing_lines": [], "excluded_lines": [], "start_line": 1}}, "classes": {"": {"executed_lines": [3, 4, 5, 6, 8, 11, 28, 83], "summary": {"covered_lines": 8, "num_statements": 59, "percent_covered": 13.559322033898304, "percent_covered_display": "14", "missing_lines": 51, "excluded_lines": 0, "percent_statements_covered": 13.559322033898304, "percent_statements_covered_display": "14"}, "missing_lines": [22, 23, 24, 25, 30, 33, 34, 37, 40, 49, 50, 52, 53, 55, 56, 57, 58, 59, 60, 61, 64, 77, 79, 80, 89, 91, 94, 95, 96, 99, 102, 104, 105, 106, 107, 108, 109, 111, 112, 113, 115, 116, 119, 121, 122, 123, 126, 127, 129, 130, 131], "excluded_lines": [], "start_line": 1}}}, "drystone/cli/ui/wizard.py": {"executed_lines": [3, 4, 5, 7, 9, 10, 13, 45, 77, 101, 145, 148, 151, 258, 529, 606, 619, 783], "summary": {"covered_lines": 18, "num_statements": 324, "percent_covered": 5.555555555555555, "percent_covered_display": "6", "missing_lines": 306, "excluded_lines": 0, "percent_statements_covered": 5.555555555555555, "percent_statements_covered_display": "6"}, "missing_lines": [33, 34, 36, 37, 40, 41, 42, 54, 55, 56, 57, 58, 59, 60, 61, 62, 63, 64, 65, 66, 67, 68, 69, 70, 71, 72, 73, 74, 86, 87, 89, 90, 91, 92, 93, 94, 95, 96, 97, 98, 107, 109, 110, 112, 113, 114, 116, 118, 119, 120, 122, 124, 130, 131, 133, 134, 136, 137, 138, 139, 141, 142, 158, 159, 160, 163, 164, 165, 168, 169, 170, 171, 172, 173, 174, 175, 176, 177, 179, 182, 198, 203, 204, 207, 210, 213, 218, 223, 224, 225, 226, 228, 229, 231, 232, 233, 234, 235, 236, 237, 238, 239, 240, 241, 242, 244, 246, 248, 249, 250, 252, 253, 255, 273, 274, 275, 277, 280, 285, 286, 289, 293, 294, 295, 296, 298, 299, 300, 302, 303, 306, 307, 308, 309, 310, 311, 313, 315, 358, 359, 362, 369, 371, 381, 382, 384, 385, 390, 391, 393, 397, 398, 400, 404, 405, 406, 407, 409, 410, 411, 416, 417, 418, 419, 420, 422, 423, 424, 429, 430, 431, 432, 433, 435, 436, 439, 449, 454, 455, 458, 459, 469, 470, 473, 474, 483, 484, 487, 489, 490, 491, 493, 494, 510, 511, 514, 522, 523, 524, 526, 538, 539, 540, 543, 544, 547, 561, 562, 565, 571, 572, 573, 582, 583, 584, 586, 587, 589, 590, 595, 596, 598, 599, 600, 601, 603, 612, 629, 632, 633, 634, 639, 641, 642, 645, 651, 652, 653, 654, 656, 658, 660, 663, 667, 672, 673, 676, 677, 678, 679, 681, 682, 683, 684, 685, 687, 688, 689, 692, 693, 695, 698, 699, 700, 702, 708, 709, 710, 711, 712, 713, 716, 721, 722, 724, 730, 731, 732, 733, 734, 735, 738, 739, 743, 744, 746, 747, 752, 754, 755, 757, 758, 761, 764, 765, 767, 768, 770, 774, 775, 776, 777, 779, 780, 792, 798], "excluded_lines": [], "functions": {"validate_aws_creds": {"executed_lines": [], "summary": {"covered_lines": 0, "num_statements": 7, "percent_covered": 0.0, "percent_covered_display": "0", "missing_lines": 7, "excluded_lines": 0, "percent_statements_covered": 0.0, "percent_statements_covered_display": "0"}, "missing_lines": [33, 34, 36, 37, 40, 41, 42], "excluded_lines": [], "start_line": 13}, "validate_credentials_file": {"executed_lines": [], "summary": {"covered_lines": 0, "num_statements": 21, "percent_covered": 0.0, "percent_covered_display": "0", "missing_lines": 21, "excluded_lines": 0, "percent_statements_covered": 0.0, "percent_statements_covered_display": "0"}, "missing_lines": [54, 55, 56, 57, 58, 59, 60, 61, 62, 63, 64, 65, 66, 67, 68, 69, 70, 71, 72, 73, 74], "excluded_lines": [], "start_line": 45}, "validate_aws_profile": {"executed_lines": [], "summary": {"covered_lines": 0, "num_statements": 12, "percent_covered": 0.0, "percent_covered_display": "0", "missing_lines": 12, "excluded_lines": 0, "percent_statements_covered": 0.0, "percent_statements_covered_display": "0"}, "missing_lines": [86, 87, 89, 90, 91, 92, 93, 94, 95, 96, 97, 98], "excluded_lines": [], "start_line": 77}, "validate_ai_provider_credentials": {"executed_lines": [], "summary": {"covered_lines": 0, "num_statements": 22, "percent_covered": 0.0, "percent_covered_display": "0", "missing_lines": 22, "excluded_lines": 0, "percent_statements_covered": 0.0, "percent_statements_covered_display": "0"}, "missing_lines": [107, 109, 110, 112, 113, 114, 116, 118, 119, 120, 122, 124, 130, 131, 133, 134, 136, 137, 138, 139, 141, 142], "excluded_lines": [], "start_line": 101}, "display_config_summary": {"executed_lines": [], "summary": {"covered_lines": 0, "num_statements": 51, "percent_covered": 0.0, "percent_covered_display": "0", "missing_lines": 51, "excluded_lines": 0, "percent_statements_covered": 0.0, "percent_statements_covered_display": "0"}, "missing_lines": [158, 159, 160, 163, 164, 165, 168, 169, 170, 171, 172, 173, 174, 175, 176, 177, 179, 182, 198, 203, 204, 207, 210, 213, 218, 223, 224, 225, 226, 228, 229, 231, 232, 233, 234, 235, 236, 237, 238, 239, 240, 241, 242, 244, 246, 248, 249, 250, 252, 253, 255], "excluded_lines": [], "start_line": 151}, "run_project_menu": {"executed_lines": [], "summary": {"covered_lines": 0, "num_statements": 87, "percent_covered": 0.0, "percent_covered_display": "0", "missing_lines": 87, "excluded_lines": 0, "percent_statements_covered": 0.0, "percent_statements_covered_display": "0"}, "missing_lines": [273, 274, 275, 277, 280, 285, 286, 289, 293, 294, 295, 296, 298, 299, 300, 302, 303, 306, 307, 308, 309, 310, 311, 313, 315, 358, 359, 362, 369, 371, 381, 382, 384, 385, 390, 391, 393, 397, 398, 400, 404, 405, 406, 407, 409, 410, 411, 416, 417, 418, 419, 420, 422, 423, 424, 429, 430, 431, 432, 433, 435, 436, 439, 449, 454, 455, 458, 459, 469, 470, 473, 474, 483, 484, 487, 489, 490, 491, 493, 494, 510, 511, 514, 522, 523, 524, 526], "excluded_lines": [], "start_line": 258}, "run_ai_menu": {"executed_lines": [], "summary": {"covered_lines": 0, "num_statements": 26, "percent_covered": 0.0, "percent_covered_display": "0", "missing_lines": 26, "excluded_lines": 0, "percent_statements_covered": 0.0, "percent_statements_covered_display": "0"}, "missing_lines": [538, 539, 540, 543, 544, 547, 561, 562, 565, 571, 572, 573, 582, 583, 584, 586, 587, 589, 590, 595, 596, 598, 599, 600, 601, 603], "excluded_lines": [], "start_line": 529}, "get_default_ai_config": {"executed_lines": [], "summary": {"covered_lines": 0, "num_statements": 1, "percent_covered": 0.0, "percent_covered_display": "0", "missing_lines": 1, "excluded_lines": 0, "percent_statements_covered": 0.0, "percent_statements_covered_display": "0"}, "missing_lines": [612], "excluded_lines": [], "start_line": 606}, "run_setup_wizard": {"executed_lines": [], "summary": {"covered_lines": 0, "num_statements": 77, "percent_covered": 0.0, "percent_covered_display": "0", "missing_lines": 77, "excluded_lines": 0, "percent_statements_covered": 0.0, "percent_statements_covered_display": "0"}, "missing_lines": [629, 632, 633, 634, 639, 641, 642, 645, 651, 652, 653, 654, 656, 658, 660, 663, 667, 672, 673, 676, 677, 678, 679, 681, 682, 683, 684, 685, 687, 688, 689, 692, 693, 695, 698, 699, 700, 702, 708, 709, 710, 711, 712, 713, 716, 721, 722, 724, 730, 731, 732, 733, 734, 735, 738, 739, 743, 744, 746, 747, 752, 754, 755, 757, 758, 761, 764, 765, 767, 768, 770, 774, 775, 776, 777, 779, 780], "excluded_lines": [], "start_line": 619}, "confirm_execution": {"executed_lines": [], "summary": {"covered_lines": 0, "num_statements": 2, "percent_covered": 0.0, "percent_covered_display": "0", "missing_lines": 2, "excluded_lines": 0, "percent_statements_covered": 0.0, "percent_statements_covered_display": "0"}, "missing_lines": [792, 798], "excluded_lines": [], "start_line": 783}, "": {"executed_lines": [3, 4, 5, 7, 9, 10, 13, 45, 77, 101, 145, 148, 151, 258, 529, 606, 619, 783], "summary": {"covered_lines": 18, "num_statements": 18, "percent_covered": 100.0, "percent_covered_display": "100", "missing_lines": 0, "excluded_lines": 0, "percent_statements_covered": 100.0, "percent_statements_covered_display": "100"}, "missing_lines": [], "excluded_lines": [], "start_line": 1}}, "classes": {"AWSValidationError": {"executed_lines": [], "summary": {"covered_lines": 0, "num_statements": 0, "percent_covered": 100.0, "percent_covered_display": "100", "missing_lines": 0, "excluded_lines": 0, "percent_statements_covered": 100.0, "percent_statements_covered_display": "100"}, "missing_lines": [], "excluded_lines": [], "start_line": 145}, "": {"executed_lines": [3, 4, 5, 7, 9, 10, 13, 45, 77, 101, 145, 148, 151, 258, 529, 606, 619, 783], "summary": {"covered_lines": 18, "num_statements": 324, "percent_covered": 5.555555555555555, "percent_covered_display": "6", "missing_lines": 306, "excluded_lines": 0, "percent_statements_covered": 5.555555555555555, "percent_statements_covered_display": "6"}, "missing_lines": [33, 34, 36, 37, 40, 41, 42, 54, 55, 56, 57, 58, 59, 60, 61, 62, 63, 64, 65, 66, 67, 68, 69, 70, 71, 72, 73, 74, 86, 87, 89, 90, 91, 92, 93, 94, 95, 96, 97, 98, 107, 109, 110, 112, 113, 114, 116, 118, 119, 120, 122, 124, 130, 131, 133, 134, 136, 137, 138, 139, 141, 142, 158, 159, 160, 163, 164, 165, 168, 169, 170, 171, 172, 173, 174, 175, 176, 177, 179, 182, 198, 203, 204, 207, 210, 213, 218, 223, 224, 225, 226, 228, 229, 231, 232, 233, 234, 235, 236, 237, 238, 239, 240, 241, 242, 244, 246, 248, 249, 250, 252, 253, 255, 273, 274, 275, 277, 280, 285, 286, 289, 293, 294, 295, 296, 298, 299, 300, 302, 303, 306, 307, 308, 309, 310, 311, 313, 315, 358, 359, 362, 369, 371, 381, 382, 384, 385, 390, 391, 393, 397, 398, 400, 404, 405, 406, 407, 409, 410, 411, 416, 417, 418, 419, 420, 422, 423, 424, 429, 430, 431, 432, 433, 435, 436, 439, 449, 454, 455, 458, 459, 469, 470, 473, 474, 483, 484, 487, 489, 490, 491, 493, 494, 510, 511, 514, 522, 523, 524, 526, 538, 539, 540, 543, 544, 547, 561, 562, 565, 571, 572, 573, 582, 583, 584, 586, 587, 589, 590, 595, 596, 598, 599, 600, 601, 603, 612, 629, 632, 633, 634, 639, 641, 642, 645, 651, 652, 653, 654, 656, 658, 660, 663, 667, 672, 673, 676, 677, 678, 679, 681, 682, 683, 684, 685, 687, 688, 689, 692, 693, 695, 698, 699, 700, 702, 708, 709, 710, 711, 712, 713, 716, 721, 722, 724, 730, 731, 732, 733, 734, 735, 738, 739, 743, 744, 746, 747, 752, 754, 755, 757, 758, 761, 764, 765, 767, 768, 770, 774, 775, 776, 777, 779, 780, 792, 798], "excluded_lines": [], "start_line": 1}}}, "drystone/cloud/__init__.py": {"executed_lines": [], "summary": {"covered_lines": 0, "num_statements": 0, "percent_covered": 100.0, "percent_covered_display": "100", "missing_lines": 0, "excluded_lines": 0, "percent_statements_covered": 100.0, "percent_statements_covered_display": "100"}, "missing_lines": [], "excluded_lines": [], "functions": {"": {"executed_lines": [], "summary": {"covered_lines": 0, "num_statements": 0, "percent_covered": 100.0, "percent_covered_display": "100", "missing_lines": 0, "excluded_lines": 0, "percent_statements_covered": 100.0, "percent_statements_covered_display": "100"}, "missing_lines": [], "excluded_lines": [], "start_line": 1}}, "classes": {"": {"executed_lines": [], "summary": {"covered_lines": 0, "num_statements": 0, "percent_covered": 100.0, "percent_covered_display": "100", "missing_lines": 0, "excluded_lines": 0, "percent_statements_covered": 100.0, "percent_statements_covered_display": "100"}, "missing_lines": [], "excluded_lines": [], "start_line": 1}}}, "drystone/cloud/aws/__init__.py": {"executed_lines": [3, 5], "summary": {"covered_lines": 2, "num_statements": 2, "percent_covered": 100.0, "percent_covered_display": "100", "missing_lines": 0, "excluded_lines": 0, "percent_statements_covered": 100.0, "percent_statements_covered_display": "100"}, "missing_lines": [], "excluded_lines": [], "functions": {"": {"executed_lines": [3, 5], "summary": {"covered_lines": 2, "num_statements": 2, "percent_covered": 100.0, "percent_covered_display": "100", "missing_lines": 0, "excluded_lines": 0, "percent_statements_covered": 100.0, "percent_statements_covered_display": "100"}, "missing_lines": [], "excluded_lines": [], "start_line": 1}}, "classes": {"": {"executed_lines": [3, 5], "summary": {"covered_lines": 2, "num_statements": 2, "percent_covered": 100.0, "percent_covered_display": "100", "missing_lines": 0, "excluded_lines": 0, "percent_statements_covered": 100.0, "percent_statements_covered_display": "100"}, "missing_lines": [], "excluded_lines": [], "start_line": 1}}}, "drystone/cloud/aws/client.py": {"executed_lines": [3, 5, 6, 8, 11, 14, 17, 20, 30, 32, 33, 34, 35, 36, 37, 38, 39, 40, 42, 51, 53, 59, 60, 62, 65, 66, 68, 69, 70, 71, 72, 74, 75, 77, 78, 79, 80, 81, 82, 84, 85, 87, 88, 89, 91, 97, 99, 105, 108, 128, 138, 139], "summary": {"covered_lines": 52, "num_statements": 52, "percent_covered": 100.0, "percent_covered_display": "100", "missing_lines": 0, "excluded_lines": 0, "percent_statements_covered": 100.0, "percent_statements_covered_display": "100"}, "missing_lines": [], "excluded_lines": [], "functions": {"AWSClient.__init__": {"executed_lines": [30, 32, 33, 34, 35, 36, 37, 38, 39, 40], "summary": {"covered_lines": 10, "num_statements": 10, "percent_covered": 100.0, "percent_covered_display": "100", "missing_lines": 0, "excluded_lines": 0, "percent_statements_covered": 100.0, "percent_statements_covered_display": "100"}, "missing_lines": [], "excluded_lines": [], "start_line": 20}, "AWSClient.validate_credentials": {"executed_lines": [51, 53, 59, 60, 62, 65, 66, 68, 69, 70, 71, 72, 74, 75, 77, 78, 79, 80, 81, 82, 84, 85, 87, 88, 89], "summary": {"covered_lines": 25, "num_statements": 25, "percent_covered": 100.0, "percent_covered_display": "100", "missing_lines": 0, "excluded_lines": 0, "percent_statements_covered": 100.0, "percent_statements_covered_display": "100"}, "missing_lines": [], "excluded_lines": [], "start_line": 42}, "AWSClient.get_account_id": {"executed_lines": [97], "summary": {"covered_lines": 1, "num_statements": 1, "percent_covered": 100.0, "percent_covered_display": "100", "missing_lines": 0, "excluded_lines": 0, "percent_statements_covered": 100.0, "percent_statements_covered_display": "100"}, "missing_lines": [], "excluded_lines": [], "start_line": 91}, "AWSClient.get_identity": {"executed_lines": [105], "summary": {"covered_lines": 1, "num_statements": 1, "percent_covered": 100.0, "percent_covered_display": "100", "missing_lines": 0, "excluded_lines": 0, "percent_statements_covered": 100.0, "percent_statements_covered_display": "100"}, "missing_lines": [], "excluded_lines": [], "start_line": 99}, "validate_aws_credentials": {"executed_lines": [128, 138, 139], "summary": {"covered_lines": 3, "num_statements": 3, "percent_covered": 100.0, "percent_covered_display": "100", "missing_lines": 0, "excluded_lines": 0, "percent_statements_covered": 100.0, "percent_statements_covered_display": "100"}, "missing_lines": [], "excluded_lines": [], "start_line": 108}, "": {"executed_lines": [3, 5, 6, 8, 11, 14, 17, 20, 42, 91, 99, 108], "summary": {"covered_lines": 12, "num_statements": 12, "percent_covered": 100.0, "percent_covered_display": "100", "missing_lines": 0, "excluded_lines": 0, "percent_statements_covered": 100.0, "percent_statements_covered_display": "100"}, "missing_lines": [], "excluded_lines": [], "start_line": 1}}, "classes": {"AWSCredentialError": {"executed_lines": [], "summary": {"covered_lines": 0, "num_statements": 0, "percent_covered": 100.0, "percent_covered_display": "100", "missing_lines": 0, "excluded_lines": 0, "percent_statements_covered": 100.0, "percent_statements_covered_display": "100"}, "missing_lines": [], "excluded_lines": [], "start_line": 11}, "AWSClient": {"executed_lines": [30, 32, 33, 34, 35, 36, 37, 38, 39, 40, 51, 53, 59, 60, 62, 65, 66, 68, 69, 70, 71, 72, 74, 75, 77, 78, 79, 80, 81, 82, 84, 85, 87, 88, 89, 97, 105], "summary": {"covered_lines": 37, "num_statements": 37, "percent_covered": 100.0, "percent_covered_display": "100", "missing_lines": 0, "excluded_lines": 0, "percent_statements_covered": 100.0, "percent_statements_covered_display": "100"}, "missing_lines": [], "excluded_lines": [], "start_line": 17}, "": {"executed_lines": [3, 5, 6, 8, 11, 14, 17, 20, 42, 91, 99, 108, 128, 138, 139], "summary": {"covered_lines": 15, "num_statements": 15, "percent_covered": 100.0, "percent_covered_display": "100", "missing_lines": 0, "excluded_lines": 0, "percent_statements_covered": 100.0, "percent_statements_covered_display": "100"}, "missing_lines": [], "excluded_lines": [], "start_line": 1}}}, "drystone/cloud/orchestrator.py": {"executed_lines": [13, 14, 15, 16, 17, 18, 19, 21, 22, 23, 30, 33, 46, 52, 53, 54, 55, 56, 58, 60, 61, 63, 78, 79, 80, 81, 83, 84, 85, 86, 89, 91, 95, 97, 98, 100, 103, 106, 112, 113, 114, 115, 117, 259, 314, 351, 369, 370, 372, 374, 382, 383, 385, 386, 388, 389, 390, 392, 426, 427, 428, 431, 432, 435, 436, 440, 441, 444, 445, 447, 449, 450, 452, 453, 454, 457, 460, 463, 464, 465, 466, 467, 470, 471, 474, 487, 489, 491, 492, 495, 498, 499, 503, 504, 505, 506, 509, 512, 522, 523, 525, 534, 535, 536, 539, 541, 548, 557, 559, 573, 654], "summary": {"covered_lines": 111, "num_statements": 233, "percent_covered": 47.63948497854077, "percent_covered_display": "48", "missing_lines": 122, "excluded_lines": 0, "percent_statements_covered": 47.63948497854077, "percent_statements_covered_display": "48"}, "missing_lines": [156, 158, 160, 161, 162, 165, 166, 167, 170, 171, 172, 175, 176, 177, 183, 184, 185, 191, 197, 198, 199, 204, 206, 209, 215, 216, 219, 220, 223, 224, 225, 230, 236, 250, 251, 253, 255, 256, 257, 276, 286, 287, 289, 290, 300, 309, 310, 312, 337, 338, 341, 342, 345, 346, 349, 437, 458, 475, 476, 481, 484, 496, 513, 514, 537, 595, 597, 601, 602, 603, 605, 606, 607, 608, 609, 610, 611, 613, 614, 615, 623, 629, 630, 631, 633, 634, 636, 641, 643, 644, 646, 661, 662, 665, 666, 669, 670, 671, 672, 675, 676, 677, 678, 681, 682, 685, 686, 687, 688, 692, 693, 696, 697, 698, 699, 700, 701, 704, 705, 706, 708, 710], "excluded_lines": [], "functions": {"SkillProgressTracker.__init__": {"executed_lines": [52, 53, 54, 55, 56], "summary": {"covered_lines": 5, "num_statements": 5, "percent_covered": 100.0, "
[...]
 5077, 5080, 5107, 5142, 5154, 5181, 5254, 5288, 5306, 5307, 5309, 5310, 5313, 5314, 5315, 5316, 5317, 5318, 5319, 5320, 5322, 5323, 5325, 5326, 5327, 5331, 5334, 5335, 5336, 5338, 5339, 5342, 5359, 5364, 5368, 5369, 5371, 5372, 5374, 5375, 5377, 5378, 5379, 5386, 5387, 5388, 5389, 5390, 5392, 5399, 5400, 5406, 5412, 5413, 5414, 5415, 5416, 5418, 5421, 5422, 5428, 5434, 5435, 5436, 5437, 5438, 5439, 5444, 5445, 5451, 5457, 5458, 5459, 5460, 5461, 5462, 5463, 5464, 5465, 5466, 5467, 5468, 5469, 5473, 5474, 5475, 5476, 5477, 5478, 5479, 5485, 5491, 5492, 5493, 5494, 5495, 5496, 5503, 5504, 5510, 5524, 5525, 5526, 5527, 5528, 5529, 5530, 5531, 5532, 5536, 5537, 5538, 5539, 5545, 5551, 5552, 5553, 5554, 5555, 5556, 5557, 5558, 5559, 5560, 5561, 5562, 5563, 5564, 5570, 5576, 5577, 5578, 5579, 5580, 5581, 5589, 5590, 5596, 5602, 5603, 5604, 5605, 5606, 5607, 5608, 5613, 5614, 5620, 5626, 5627, 5628, 5629, 5630, 5631, 5632, 5633, 5634, 5635, 5636, 5642, 5648, 5649, 5650, 5651, 5652, 5653, 5658, 5659, 5665, 5678, 5685, 5686, 5700, 5701, 5702, 5703, 5704, 5706, 5709, 5710, 5711, 5716, 5717, 5723, 5729, 5730, 5731, 5732, 5733, 5734, 5735, 5736, 5737, 5742, 5743, 5749, 5755, 5756, 5757, 5758, 5759, 5760, 5761, 5762, 5763, 5768, 5769, 5775, 5786, 5787, 5789, 5795, 5803, 5804, 5805, 5807, 5815, 5816, 5817, 5828, 5829, 5830, 5832, 5834, 5835, 5836, 5837, 5838, 5839, 5840, 5841, 5842, 5843, 5845, 5846, 5847, 5849, 5850, 5851, 5865, 5870, 5876, 5891, 5896, 5899, 5905, 5917, 5922, 5929, 5941, 5948, 5951, 5954, 5957, 5960, 5968, 5985, 5990, 5996, 6021, 6070, 6118, 6119, 6120, 6122, 6123, 6124, 6125, 6126, 6130, 6131, 6132, 6133, 6135, 6136, 6137, 6148, 6149, 6150, 6152, 6153, 6154, 6155, 6156, 6157, 6158, 6159, 6160, 6162, 6163, 6169, 6180, 6181, 6182, 6184, 6185, 6186, 6187, 6188, 6189, 6193, 6194, 6195, 6197, 6198, 6204, 6215, 6216, 6217, 6219, 6220, 6221, 6222, 6223, 6227, 6228, 6229, 6231, 6232, 6234, 6235, 6246, 6247, 6248, 6251, 6252, 6253, 6254, 6255, 6256, 6257, 6258, 6259, 6260, 6261, 6263, 6264, 6267, 6301, 6303, 6306, 6334, 6335, 6336, 6338, 6339, 6340, 6341, 6342, 6343, 6344, 6345, 6346, 6347, 6348, 6349, 6350, 6351, 6353, 6354, 6360, 6371, 6372, 6373, 6375, 6385, 6386, 6392, 6403, 6404, 6405, 6408, 6409, 6416, 6417, 6418, 6425, 6426, 6427, 6432, 6439, 6450, 6451, 6452, 6454, 6456, 6460, 6466, 6467, 6474, 6482, 6503, 6506, 6509, 6530, 6532, 6535, 6545, 6546, 6563, 6567, 6570, 6574, 6576, 6580, 6582, 6615, 6617, 6627, 6649, 6654, 6679, 6682, 6688, 6692, 6694, 6698, 6700, 6719, 6734, 6735, 6737, 6738, 6740, 6745, 6746, 6747, 6758, 6759, 6761, 6762, 6765, 6767, 6772, 6773, 6774, 6785, 6787, 6788, 6790, 6791, 6793, 6794, 6795, 6797, 6798, 6799, 6800, 6803, 6804, 6805, 6806, 6807, 6810, 6811, 6812, 6813, 6814, 6815, 6816, 6818, 6819, 6820, 6821, 6822, 6824, 6825, 6826, 6828, 6829, 6830, 6831, 6832, 6833, 6844, 6845, 6847, 6848, 6850, 6851, 6852, 6853, 6854, 6855, 6856, 6857, 6859, 6860, 6861, 6872, 6873, 6875, 6876, 6878, 6879, 6884, 6885, 6886, 6897, 6898, 6900, 6901, 6903, 6904, 6905, 6906, 6908, 6909, 6910, 6911, 6912, 6913, 6914, 6916, 6917, 6920, 6931, 6932, 6934, 6935, 6937, 6938, 6939, 6940, 6941, 6942, 6943, 6944, 6945, 6947, 6952, 6953, 6954, 6965, 6966, 6968, 6973, 6979, 6981, 6982, 6983, 6989, 7010, 7013, 7016, 7034, 7039, 7056, 7061, 7080, 7085, 7102, 7103, 7104, 7105, 7106, 7107, 7108, 7110, 7118, 7135, 7136, 7139, 7140, 7141, 7142, 7143, 7144, 7146, 7147, 7148, 7149, 7150, 7151, 7152, 7154, 7155, 7156, 7157, 7158, 7159, 7160, 7161, 7162, 7163, 7164, 7165, 7171, 7172, 7173, 7178, 7179, 7180, 7181, 7182, 7188, 7189, 7190, 7191, 7198, 7212, 7213, 7214, 7215, 7216, 7217, 7218, 7219, 7220, 7234, 7235, 7236, 7237, 7238, 7239, 7240, 7249, 7256, 7259, 7262, 7264, 7271, 7297, 7298, 7299, 7300, 7302, 7303, 7304, 7306, 7307, 7308, 7309, 7310, 7312, 7313, 7314, 7315, 7316, 7317, 7318, 7319, 7320, 7321, 7323, 7324, 7325, 7326, 7327, 7328, 7330, 7331, 7334, 7335, 7337, 7338, 7339, 7346, 7352, 7353, 7354, 7355, 7357, 7358, 7360, 7361, 7362, 7363, 7364, 7365, 7366, 7367, 7368, 7369, 7370, 7371, 7372, 7373, 7374, 7375, 7376, 7377, 7379, 7380, 7386, 7395, 7399, 7402, 7416, 7417, 7418, 7419, 7421, 7430, 7432, 7433, 7434, 7435, 7436, 7437, 7438, 7439, 7440, 7441, 7442, 7448, 7449, 7450, 7451, 7452, 7453, 7456, 7458, 7459, 7460, 7461, 7462, 7469, 7477, 7478, 7479, 7480, 7482, 7483, 7484, 7485, 7487, 7488, 7489, 7490, 7491, 7492, 7493, 7494, 7495, 7497, 7498, 7500, 7501, 7502, 7503, 7504, 7505, 7506, 7507, 7508, 7509, 7510, 7511, 7512, 7513, 7514, 7515, 7516, 7523, 7529, 7530, 7531, 7532, 7534, 7535, 7537, 7538, 7539, 7540, 7541, 7542, 7543, 7544, 7546, 7547, 7550, 7552, 7554, 7555, 7556, 7557, 7558, 7560, 7561, 7562, 7569, 7583, 7587, 7590, 7599, 7608, 7620, 7621, 7622, 7623, 7625, 7626, 7627, 7628, 7629, 7630, 7631, 7632, 7633, 7634, 7635, 7637, 7638, 7639, 7640, 7642, 7643, 7644, 7645, 7646, 7647, 7650, 7652, 7654, 7656, 7657, 7658, 7659, 7666, 7672, 7673, 7674, 7675, 7677, 7678, 7679, 7680, 7689, 7703, 7706, 7709, 7712, 7721, 7730, 7735, 7742, 7754, 7758, 7761, 7764, 7767, 7770, 7781, 7790, 7794, 7797, 7800, 7803, 7806, 7817, 7824, 7832, 7833, 7834, 7835, 7837, 7838, 7839, 7840, 7841, 7842, 7843, 7844, 7845, 7846, 7847, 7848, 7849, 7850, 7851, 7852, 7853, 7856, 7863, 7887, 7891, 7904, 7905, 7906, 7927, 7931, 7950, 7956, 7959, 7967, 7994, 7995, 7996, 7997, 7999, 8000, 8001, 8002, 8003, 8004, 8005, 8006, 8007, 8008, 8009, 8015, 8016, 8017, 8024, 8033, 8041, 8042, 8043, 8044, 8050, 8053, 8085, 8089, 8092, 8095, 8105, 8118, 8119, 8120, 8121, 8123, 8124, 8125, 8126, 8127, 8128, 8129, 8130, 8131, 8132, 8133, 8135, 8136, 8139, 8150, 8152, 8153, 8154, 8155, 8157, 8162, 8163, 8164, 8165, 8166, 8167, 8168, 8169, 8170, 8171, 8172, 8173, 8174, 8175, 8176, 8177, 8178, 8179, 8180, 8181, 8182, 8183, 8184, 8185, 8186, 8187, 8189, 8190, 8193, 8207, 8212, 8215, 8223, 8238, 8243, 8252, 8267, 8272, 8277, 8292, 8298, 8301, 8304, 8311, 8342, 8345, 8377, 8385, 8386, 8387, 8388, 8389, 8390, 8394, 8517, 8552, 8560, 8628, 8689, 8692, 8755, 8877, 8880, 8951, 9006, 9016, 9082, 9083, 9084, 9085, 9086, 9087, 9088, 9098, 9105, 9110, 9113, 9116, 9122, 9132, 9136, 9141, 9145, 9148, 9163, 9169, 9172, 9176, 9199, 9212, 9216, 9222, 9242, 9249, 9259, 9261, 9264, 9271, 9279, 9296, 9300, 9305, 9334, 9338, 9346, 9350, 9353, 9363, 9366, 9382, 9413, 9416, 9437, 9440, 9448, 9450, 9471, 9476, 9504, 9520, 9525, 9537, 9542, 9545, 9546, 9547, 9567], "excluded_lines": [], "start_line": 1}}}, "drystone/validation/qa_gate.py": {"executed_lines": [3, 5, 6, 7, 8, 9, 11, 18, 19, 20, 21, 22, 25, 26, 27, 28, 33, 35, 37, 38, 40, 41, 42, 43, 46, 47, 48, 49, 50, 51, 52, 53, 54, 56, 57, 58, 59, 60, 64, 65, 67, 68, 69, 70, 71, 72, 73, 74, 76], "summary": {"covered_lines": 49, "num_statements": 52, "percent_covered": 94.23076923076923, "percent_covered_display": "94", "missing_lines": 3, "excluded_lines": 0, "percent_statements_covered": 94.23076923076923, "percent_statements_covered_display": "94"}, "missing_lines": [29, 30, 62], "excluded_lines": [], "functions": {"_load_json": {"executed_lines": [26, 27, 28], "summary": {"covered_lines": 3, "num_statements": 5, "percent_covered": 60.0, "percent_covered_display": "60", "missing_lines": 2, "excluded_lines": 0, "percent_statements_covered": 60.0, "percent_statements_covered_display": "60"}, "missing_lines": [29, 30], "excluded_lines": [], "start_line": 25}, "run_qa_gate": {"executed_lines": [35, 37, 38, 40, 41, 42, 43, 46, 47, 48, 49, 50, 51, 52, 53, 54, 56, 57, 58, 59, 60, 64, 65, 67, 68, 69, 70, 71, 72, 73, 74, 76], "summary": {"covered_lines": 32, "num_statements": 33, "percent_covered": 96.96969696969697, "percent_covered_display": "97", "missing_lines": 1, "excluded_lines": 0, "percent_statements_covered": 96.96969696969697, "percent_statements_covered_display": "97"}, "missing_lines": [62], "excluded_lines": [], "start_line": 33}, "": {"executed_lines": [3, 5, 6, 7, 8, 9, 11, 18, 19, 20, 21, 22, 25, 33], "summary": {"covered_lines": 14, "num_statements": 14, "percent_covered": 100.0, "percent_covered_display": "100", "missing_lines": 0, "excluded_lines": 0, "percent_statements_covered": 100.0, "percent_statements_covered_display": "100"}, "missing_lines": [], "excluded_lines": [], "start_line": 1}}, "classes": {"QAGateResult": {"executed_lines": [], "summary": {"covered_lines": 0, "num_statements": 0, "percent_covered": 100.0, "percent_covered_display": "100", "missing_lines": 0, "excluded_lines": 0, "percent_statements_covered": 100.0, "percent_statements_covered_display": "100"}, "missing_lines": [], "excluded_lines": [], "start_line": 19}, "": {"executed_lines": [3, 5, 6, 7, 8, 9, 11, 18, 19, 20, 21, 22, 25, 26, 27, 28, 33, 35, 37, 38, 40, 41, 42, 43, 46, 47, 48, 49, 50, 51, 52, 53, 54, 56, 57, 58, 59, 60, 64, 65, 67, 68, 69, 70, 71, 72, 73, 74, 76], "summary": {"covered_lines": 49, "num_statements": 52, "percent_covered": 94.23076923076923, "percent_covered_display": "94", "missing_lines": 3, "excluded_lines": 0, "percent_statements_covered": 94.23076923076923, "percent_statements_covered_display": "94"}, "missing_lines": [29, 30, 62], "excluded_lines": [], "start_line": 1}}}, "drystone/validation/queue_validator.py": {"executed_lines": [8, 10, 11, 12, 13, 16, 17, 20, 21, 22, 23, 26, 29, 41, 42, 45, 49, 50, 51, 54, 55, 63, 67, 68, 77, 78, 87, 88, 89, 91, 92, 93, 95, 96, 98, 99, 106, 108, 111, 112, 113, 114, 117, 118, 119, 121, 122, 123, 132, 142, 143, 146, 147, 149], "summary": {"covered_lines": 54, "num_statements": 67, "percent_covered": 80.59701492537313, "percent_covered_display": "81", "missing_lines": 13, "excluded_lines": 0, "percent_statements_covered": 80.59701492537313, "percent_statements_covered_display": "81"}, "missing_lines": [46, 47, 64, 69, 70, 79, 90, 94, 97, 115, 116, 127, 144], "excluded_lines": [], "functions": {"QueueValidator.validate_skill_output": {"executed_lines": [41, 42, 45, 49, 50, 51, 54, 55, 63, 67, 68, 77, 78, 87, 88, 89, 91, 92, 93, 95, 96, 98, 99, 106], "summary": {"covered_lines": 24, "num_statements": 33, "percent_covered": 72.72727272727273, "percent_covered_display": "73", "missing_lines": 9, "excluded_lines": 0, "percent_statements_covered": 72.72727272727273, "percent_statements_covered_display": "73"}, "missing_lines": [46, 47, 64, 69, 70, 79, 90, 94, 97], "excluded_lines": [], "start_line": 29}, "QueueValidator._build_evidence_index": {"executed_lines": [111, 112, 113, 114, 117, 118, 119], "summary": {"covered_lines": 7, "num_statements": 9, "percent_covered": 77.77777777777777, "percent_covered_display": "78", "missing_lines": 2, "excluded_lines": 0, "percent_statements_covered": 77.77777777777777, "percent_statements_covered_display": "78"}, "missing_lines": [115, 116], "excluded_lines": [], "start_line": 108}, "QueueValidator._get_existence_error": {"executed_lines": [122, 123], "summary": {"covered_lines": 2, "num_statements": 3, "percent_covered": 66.66666666666667, "percent_covered_display": "67", "missing_lines": 1, "excluded_lines": 0, "percent_statements_covered": 66.66666666666667, "percent_statements_covered_display": "67"}, "missing_lines": [127], "excluded_lines": [], "start_line": 121}, "QueueValidator._resolve_evidence_ref": {"executed_lines": [142, 143, 146, 147, 149], "summary": {"covered_lines": 5, "num_statements": 6, "percent_covered": 83.33333333333333, "percent_covered_display": "83", "missing_lines": 1, "excluded_lines": 0, "percent_statements_covered": 83.33333333333333, "percent_statements_covered_display": "83"}, "missing_lines": [144], "excluded_lines": [], "start_line": 132}, "": {"executed_lines": [8, 10, 11, 12, 13, 16, 17, 20, 21, 22, 23, 26, 29, 108, 121, 132], "summary": {"covered_lines": 16, "num_statements": 16, "percent_covered": 100.0, "percent_covered_display": "100", "missing_lines": 0, "excluded_lines": 0, "percent_statements_covered": 100.0, "percent_statements_covered_display": "100"}, "missing_lines": [], "excluded_lines": [], "start_line": 1}}, "classes": {"ValidationResult": {"executed_lines": [], "summary": {"covered_lines": 0, "num_statements": 0, "percent_covered": 100.0, "percent_covered_display": "100", "missing_lines": 0, "excluded_lines": 0, "percent_statements_covered": 100.0, "percent_statements_covered_display": "100"}, "missing_lines": [], "excluded_lines": [], "start_line": 17}, "QueueValidator": {"executed_lines": [41, 42, 45, 49, 50, 51, 54, 55, 63, 67, 68, 77, 78, 87, 88, 89, 91, 92, 93, 95, 96, 98, 99, 106, 111, 112, 113, 114, 117, 118, 119, 122, 123, 142, 143, 146, 147, 149], "summary": {"covered_lines": 38, "num_statements": 51, "percent_covered": 74.50980392156863, "percent_covered_display": "75", "missing_lines": 13, "excluded_lines": 0, "percent_statements_covered": 74.50980392156863, "percent_statements_covered_display": "75"}, "missing_lines": [46, 47, 64, 69, 70, 79, 90, 94, 97, 115, 116, 127, 144], "excluded_lines": [], "start_line": 26}, "": {"executed_lines": [8, 10, 11, 12, 13, 16, 17, 20, 21, 22, 23, 26, 29, 108, 121, 132], "summary": {"covered_lines": 16, "num_statements": 16, "percent_covered": 100.0, "percent_covered_display": "100", "missing_lines": 0, "excluded_lines": 0, "percent_statements_covered": 100.0, "percent_statements_covered_display": "100"}, "missing_lines": [], "excluded_lines": [], "start_line": 1}}}, "drystone/validation/report_validator.py": {"executed_lines": [7, 8, 11, 49, 50, 51, 54, 57, 58, 64, 70, 71, 72, 73, 76, 77, 80, 81, 82, 83, 85, 86, 88, 89, 92, 93, 98, 99, 100, 102, 103, 105, 118, 141, 143, 145, 146, 147, 150, 151, 153, 154, 156, 158, 159, 162, 163, 164, 165, 168, 170, 177, 189, 191, 192, 194, 195, 197, 198, 200], "summary": {"covered_lines": 60, "num_statements": 60, "percent_covered": 100.0, "percent_covered_display": "100", "missing_lines": 0, "excluded_lines": 0, "percent_statements_covered": 100.0, "percent_statements_covered_display": "100"}, "missing_lines": [], "excluded_lines": [], "functions": {"validate_report_completeness": {"executed_lines": [49, 50, 51, 54, 57, 58, 64, 70, 71, 72, 73, 76, 77, 80, 81, 82, 83, 85, 86, 88, 89, 92, 93, 98, 99, 100, 102, 103, 105], "summary": {"covered_lines": 29, "num_statements": 29, "percent_covered": 100.0, "percent_covered_display": "100", "missing_lines": 0, "excluded_lines": 0, "percent_statements_covered": 100.0, "percent_statements_covered_display": "100"}, "missing_lines": [], "excluded_lines": [], "start_line": 11}, "validate_report_format": {"executed_lines": [141, 143, 145, 146, 147, 150, 151, 153, 154, 156, 158, 159, 162, 163, 164, 165, 168, 170], "summary": {"covered_lines": 18, "num_statements": 18, "percent_covered": 100.0, "percent_covered_display": "100", "missing_lines": 0, "excluded_lines": 0, "percent_statements_covered": 100.0, "percent_statements_covered_display": "100"}, "missing_lines": [], "excluded_lines": [], "start_line": 118}, "suggest_report_fixes": {"executed_lines": [189, 191, 192, 194, 195, 197, 198, 200], "summary": {"covered_lines": 8, "num_statements": 8, "percent_covered": 100.0, "percent_covered_display": "100", "missing_lines": 0, "excluded_lines": 0, "percent_statements_covered": 100.0, "percent_statements_covered_display": "100"}, "missing_lines": [], "excluded_lines": [], "start_line": 177}, "": {"executed_lines": [7, 8, 11, 118, 177], "summary": {"covered_lines": 5, "num_statements": 5, "percent_covered": 100.0, "percent_covered_display": "100", "missing_lines": 0, "excluded_lines": 0, "percent_statements_covered": 100.0, "percent_statements_covered_display": "100"}, "missing_lines": [], "excluded_lines": [], "start_line": 1}}, "classes": {"": {"executed_lines": [7, 8, 11, 49, 50, 51, 54, 57, 58, 64, 70, 71, 72, 73, 76, 77, 80, 81, 82, 83, 85, 86, 88, 89, 92, 93, 98, 99, 100, 102, 103, 105, 118, 141, 143, 145, 146, 147, 150, 151, 153, 154, 156, 158, 159, 162, 163, 164, 165, 168, 170, 177, 189, 191, 192, 194, 195, 197, 198, 200], "summary": {"covered_lines": 60, "num_statements": 60, "percent_covered": 100.0, "percent_covered_display": "100", "missing_lines": 0, "excluded_lines": 0, "percent_statements_covered": 100.0, "percent_statements_covered_display": "100"}, "missing_lines": [], "excluded_lines": [], "start_line": 1}}}, "drystone/validation/reviewer.py": {"executed_lines": [8, 9, 10, 12, 14, 17, 30, 36, 37, 39, 90, 92, 93, 94, 105, 112, 113, 114, 121, 122, 124, 130, 132, 133, 134, 135, 136, 137, 139, 159, 160, 161, 164, 165, 169, 170, 171, 173, 238, 240, 260, 262, 263, 264, 266, 267, 273, 274, 275, 276, 282], "summary": {"covered_lines": 51, "num_statements": 52, "percent_covered": 98.07692307692308, "percent_covered_display": "98", "missing_lines": 1, "excluded_lines": 0, "percent_statements_covered": 98.07692307692308, "percent_statements_covered_display": "98"}, "missing_lines": [166], "excluded_lines": [], "functions": {"FindingsReviewer.__init__": {"executed_lines": [36, 37], "summary": {"covered_lines": 2, "num_statements": 2, "percent_covered": 100.0, "percent_covered_display": "100", "missing_lines": 0, "excluded_lines": 0, "percent_statements_covered": 100.0, "percent_statements_covered_display": "100"}, "missing_lines": [], "excluded_lines": [], "start_line": 30}, "FindingsReviewer.validate": {"executed_lines": [90, 92, 93, 94, 105, 112, 113, 114, 121, 122, 124, 130, 132, 133, 134, 135, 136, 137], "summary": {"covered_lines": 18, "num_statements": 18, "percent_covered": 100.0, "percent_covered_display": "100", "missing_lines": 0, "excluded_lines": 0, "percent_statements_covered": 100.0, "percent_statements_covered_display": "100"}, "missing_lines": [], "excluded_lines": [], "start_line": 39}, "FindingsReviewer._build_review_prompt": {"executed_lines": [159, 160, 161, 164, 165, 169, 170, 171, 173, 238], "summary": {"covered_lines": 10, "num_statements": 11, "percent_covered": 90.9090909090909, "percent_covered_display": "91", "missing_lines": 1, "excluded_lines": 0, "percent_statements_covered": 90.9090909090909, "percent_statements_covered_display": "91"}, "missing_lines": [166], "excluded_lines": [], "start_line": 139}, "FindingsReviewer.validate_batch": {"executed_lines": [260, 262, 263, 264, 266, 267, 273, 274, 275, 276, 282], "summary": {"covered_lines": 11, "num_statements": 11, "percent_covered": 100.0, "percent_covered_display": "100", "missing_lines": 0, "excluded_lines": 0, "percent_statements_covered": 100.0, "percent_statements_covered_display": "100"}, "missing_lines": [], "excluded_lines": [], "start_line": 240}, "": {"executed_lines": [8, 9, 10, 12, 14, 17, 30, 39, 139, 240], "summary": {"covered_lines": 10, "num_statements": 10, "percent_covered": 100.0, "percent_covered_display": "100", "missing_lines": 0, "excluded_lines": 0, "percent_statements_covered": 100.0, "percent_statements_covered_display": "100"}, "missing_lines": [], "excluded_lines": [], "start_line": 1}}, "classes": {"FindingsReviewer": {"executed_lines": [36, 37, 90, 92, 93, 94, 105, 112, 113, 114, 121, 122, 124, 130, 132, 133, 134, 135, 136, 137, 159, 160, 161, 164, 165, 169, 170, 171, 173, 238, 260, 262, 263, 264, 266, 267, 273, 274, 275, 276, 282], "summary": {"covered_lines": 41, "num_statements": 42, "percent_covered": 97.61904761904762, "percent_covered_display": "98", "missing_lines": 1, "excluded_lines": 0, "percent_statements_covered": 97.61904761904762, "percent_statements_covered_display": "98"}, "missing_lines": [166], "excluded_lines": [], "start_line": 17}, "": {"executed_lines": [8, 9, 10, 12, 14, 17, 30, 39, 139, 240], "summary": {"covered_lines": 10, "num_statements": 10, "percent_covered": 100.0, "percent_covered_display": "100", "missing_lines": 0, "excluded_lines": 0, "percent_statements_covered": 100.0, "percent_statements_covered_display": "100"}, "missing_lines": [], "excluded_lines": [], "start_line": 1}}}}, "totals": {"covered_lines": 12707, "num_statements": 21741, "percent_covered": 58.447173543075294, "percent_covered_display": "58", "missing_lines": 9034, "excluded_lines": 12, "percent_statements_covered": 58.447173543075294, "percent_statements_covered_display": "58"}}